{"/Users/raulsm/htdocs/giin-dynamic-blocks-backend/src/app.controller.ts": {"path":"/Users/raulsm/htdocs/giin-dynamic-blocks-backend/src/app.controller.ts","statementMap":{"0":{"start":{"line":1,"column":0},"end":{"line":1,"column":49}},"1":{"start":{"line":2,"column":0},"end":{"line":2,"column":43}},"2":{"start":{"line":5,"column":7},"end":{"line":12,"column":null}},"3":{"start":{"line":6,"column":31},"end":{"line":6,"column":43}},"4":{"start":{"line":10,"column":4},"end":{"line":10,"column":41}},"5":{"start":{"line":5,"column":13},"end":{"line":5,"column":26}},"6":{"start":{"line":9,"column":2},"end":{"line":11,"column":null}},"7":{"start":{"line":5,"column":13},"end":{"line":12,"column":null}}},"fnMap":{"0":{"name":"(anonymous_2)","decl":{"start":{"line":6,"column":2},"end":{"line":6,"column":31}},"loc":{"start":{"line":6,"column":53},"end":{"line":6,"column":57}}},"1":{"name":"(anonymous_3)","decl":{"start":{"line":9,"column":2},"end":{"line":9,"column":10}},"loc":{"start":{"line":9,"column":10},"end":{"line":11,"column":3}}}},"branchMap":{},"s":{"0":1,"1":1,"2":1,"3":1,"4":1,"5":1,"6":1,"7":1},"f":{"0":1,"1":1},"b":{}}
,"/Users/raulsm/htdocs/giin-dynamic-blocks-backend/src/app.service.ts": {"path":"/Users/raulsm/htdocs/giin-dynamic-blocks-backend/src/app.service.ts","statementMap":{"0":{"start":{"line":1,"column":0},"end":{"line":1,"column":44}},"1":{"start":{"line":4,"column":7},"end":{"line":4,"column":null}},"2":{"start":{"line":4,"column":13},"end":{"line":4,"column":23}},"3":{"start":{"line":4,"column":13},"end":{"line":4,"column":null}}},"fnMap":{},"branchMap":{},"s":{"0":1,"1":1,"2":1,"3":1},"f":{},"b":{}}
,"/Users/raulsm/htdocs/giin-dynamic-blocks-backend/src/auth/auth.controller.ts": {"path":"/Users/raulsm/htdocs/giin-dynamic-blocks-backend/src/auth/auth.controller.ts","statementMap":{"0":{"start":{"line":1,"column":0},"end":{"line":1,"column":null}},"1":{"start":{"line":14,"column":0},"end":{"line":14,"column":55}},"2":{"start":{"line":15,"column":0},"end":{"line":15,"column":45}},"3":{"start":{"line":16,"column":0},"end":{"line":16,"column":61}},"4":{"start":{"line":18,"column":0},"end":{"line":18,"column":59}},"5":{"start":{"line":19,"column":0},"end":{"line":19,"column":55}},"6":{"start":{"line":24,"column":0},"end":{"line":24,"column":69}},"7":{"start":{"line":25,"column":0},"end":{"line":25,"column":67}},"8":{"start":{"line":29,"column":7},"end":{"line":114,"column":null}},"9":{"start":{"line":30,"column":31},"end":{"line":30,"column":44}},"10":{"start":{"line":38,"column":6},"end":{"line":38,"column":52}},"11":{"start":{"line":39,"column":4},"end":{"line":44,"column":5}},"12":{"start":{"line":40,"column":6},"end":{"line":43,"column":8}},"13":{"start":{"line":45,"column":4},"end":{"line":45,"column":18}},"14":{"start":{"line":53,"column":32},"end":{"line":53,"column":74}},"15":{"start":{"line":54,"column":4},"end":{"line":59,"column":5}},"16":{"start":{"line":55,"column":6},"end":{"line":58,"column":8}},"17":{"start":{"line":60,"column":4},"end":{"line":60,"column":18}},"18":{"start":{"line":68,"column":29},"end":{"line":68,"column":64}},"19":{"start":{"line":69,"column":4},"end":{"line":74,"column":5}},"20":{"start":{"line":70,"column":6},"end":{"line":73,"column":8}},"21":{"start":{"line":75,"column":4},"end":{"line":75,"column":18}},"22":{"start":{"line":86,"column":6},"end":{"line":86,"column":63}},"23":{"start":{"line":88,"column":4},"end":{"line":93,"column":5}},"24":{"start":{"line":89,"column":6},"end":{"line":92,"column":8}},"25":{"start":{"line":94,"column":4},"end":{"line":94,"column":18}},"26":{"start":{"line":105,"column":6},"end":{"line":105,"column":49}},"27":{"start":{"line":106,"column":4},"end":{"line":111,"column":5}},"28":{"start":{"line":107,"column":6},"end":{"line":110,"column":8}},"29":{"start":{"line":112,"column":4},"end":{"line":112,"column":18}},"30":{"start":{"line":29,"column":13},"end":{"line":29,"column":27}},"31":{"start":{"line":34,"column":15},"end":{"line":46,"column":null}},"32":{"start":{"line":52,"column":15},"end":{"line":61,"column":null}},"33":{"start":{"line":67,"column":15},"end":{"line":76,"column":null}},"34":{"start":{"line":82,"column":15},"end":{"line":95,"column":null}},"35":{"start":{"line":101,"column":15},"end":{"line":113,"column":null}},"36":{"start":{"line":29,"column":13},"end":{"line":114,"column":null}}},"fnMap":{"0":{"name":"(anonymous_4)","decl":{"start":{"line":30,"column":2},"end":{"line":30,"column":31}},"loc":{"start":{"line":30,"column":55},"end":{"line":30,"column":59}}},"1":{"name":"(anonymous_5)","decl":{"start":{"line":34,"column":9},"end":{"line":34,"column":14}},"loc":{"start":{"line":35,"column":40},"end":{"line":46,"column":3}}},"2":{"name":"(anonymous_6)","decl":{"start":{"line":52,"column":9},"end":{"line":52,"column":14}},"loc":{"start":{"line":52,"column":55},"end":{"line":61,"column":3}}},"3":{"name":"(anonymous_7)","decl":{"start":{"line":67,"column":9},"end":{"line":67,"column":14}},"loc":{"start":{"line":67,"column":32},"end":{"line":76,"column":3}}},"4":{"name":"(anonymous_8)","decl":{"start":{"line":82,"column":9},"end":{"line":82,"column":14}},"loc":{"start":{"line":83,"column":33},"end":{"line":95,"column":3}}},"5":{"name":"(anonymous_9)","decl":{"start":{"line":101,"column":9},"end":{"line":101,"column":14}},"loc":{"start":{"line":102,"column":32},"end":{"line":113,"column":3}}}},"branchMap":{"0":{"loc":{"start":{"line":39,"column":4},"end":{"line":44,"column":5}},"type":"if","locations":[{"start":{"line":39,"column":4},"end":{"line":44,"column":5}}]},"1":{"loc":{"start":{"line":42,"column":8},"end":{"line":42,"column":51}},"type":"binary-expr","locations":[{"start":{"line":42,"column":8},"end":{"line":42,"column":25}},{"start":{"line":42,"column":29},"end":{"line":42,"column":51}}]},"2":{"loc":{"start":{"line":54,"column":4},"end":{"line":59,"column":5}},"type":"if","locations":[{"start":{"line":54,"column":4},"end":{"line":59,"column":5}}]},"3":{"loc":{"start":{"line":57,"column":8},"end":{"line":57,"column":51}},"type":"binary-expr","locations":[{"start":{"line":57,"column":8},"end":{"line":57,"column":25}},{"start":{"line":57,"column":29},"end":{"line":57,"column":51}}]},"4":{"loc":{"start":{"line":69,"column":4},"end":{"line":74,"column":5}},"type":"if","locations":[{"start":{"line":69,"column":4},"end":{"line":74,"column":5}}]},"5":{"loc":{"start":{"line":72,"column":8},"end":{"line":72,"column":51}},"type":"binary-expr","locations":[{"start":{"line":72,"column":8},"end":{"line":72,"column":25}},{"start":{"line":72,"column":29},"end":{"line":72,"column":51}}]},"6":{"loc":{"start":{"line":88,"column":4},"end":{"line":93,"column":5}},"type":"if","locations":[{"start":{"line":88,"column":4},"end":{"line":93,"column":5}}]},"7":{"loc":{"start":{"line":91,"column":8},"end":{"line":91,"column":51}},"type":"binary-expr","locations":[{"start":{"line":91,"column":8},"end":{"line":91,"column":25}},{"start":{"line":91,"column":29},"end":{"line":91,"column":51}}]},"8":{"loc":{"start":{"line":106,"column":4},"end":{"line":111,"column":5}},"type":"if","locations":[{"start":{"line":106,"column":4},"end":{"line":111,"column":5}}]},"9":{"loc":{"start":{"line":109,"column":8},"end":{"line":109,"column":51}},"type":"binary-expr","locations":[{"start":{"line":109,"column":8},"end":{"line":109,"column":25}},{"start":{"line":109,"column":29},"end":{"line":109,"column":51}}]}},"s":{"0":1,"1":1,"2":1,"3":1,"4":1,"5":1,"6":1,"7":1,"8":1,"9":11,"10":7,"11":7,"12":1,"13":6,"14":2,"15":2,"16":1,"17":1,"18":2,"19":2,"20":1,"21":1,"22":2,"23":2,"24":1,"25":1,"26":3,"27":3,"28":2,"29":1,"30":1,"31":1,"32":1,"33":1,"34":1,"35":1,"36":1},"f":{"0":11,"1":7,"2":2,"3":2,"4":2,"5":3},"b":{"0":[1],"1":[1,1],"2":[1],"3":[1,0],"4":[1],"5":[1,1],"6":[1],"7":[1,1],"8":[2],"9":[2,2]}}
,"/Users/raulsm/htdocs/giin-dynamic-blocks-backend/src/auth/auth.service.ts": {"path":"/Users/raulsm/htdocs/giin-dynamic-blocks-backend/src/auth/auth.service.ts","statementMap":{"0":{"start":{"line":1,"column":0},"end":{"line":1,"column":71}},"1":{"start":{"line":2,"column":0},"end":{"line":2,"column":54}},"2":{"start":{"line":3,"column":0},"end":{"line":3,"column":41}},"3":{"start":{"line":13,"column":0},"end":{"line":13,"column":36}},"4":{"start":{"line":14,"column":0},"end":{"line":14,"column":57}},"5":{"start":{"line":16,"column":0},"end":{"line":16,"column":47}},"6":{"start":{"line":20,"column":0},"end":{"line":20,"column":60}},"7":{"start":{"line":21,"column":0},"end":{"line":21,"column":30}},"8":{"start":{"line":24,"column":7},"end":{"line":320,"column":null}},"9":{"start":{"line":26,"column":12},"end":{"line":26,"column":20}},"10":{"start":{"line":27,"column":21},"end":{"line":27,"column":36}},"11":{"start":{"line":28,"column":21},"end":{"line":28,"column":33}},"12":{"start":{"line":29,"column":21},"end":{"line":29,"column":35}},"13":{"start":{"line":30,"column":21},"end":{"line":30,"column":36}},"14":{"start":{"line":39,"column":37},"end":{"line":42,"column":6}},"15":{"start":{"line":44,"column":4},"end":{"line":51,"column":5}},"16":{"start":{"line":45,"column":6},"end":{"line":45,"column":66}},"17":{"start":{"line":47,"column":6},"end":{"line":50,"column":8}},"18":{"start":{"line":52,"column":4},"end":{"line":52,"column":18}},"19":{"start":{"line":61,"column":30},"end":{"line":71,"column":6}},"20":{"start":{"line":73,"column":4},"end":{"line":103,"column":5}},"21":{"start":{"line":75,"column":8},"end":{"line":75,"column":57}},"22":{"start":{"line":77,"column":6},"end":{"line":84,"column":8}},"23":{"start":{"line":87,"column":6},"end":{"line":90,"column":8}},"24":{"start":{"line":91,"column":6},"end":{"line":94,"column":8}},"25":{"start":{"line":96,"column":6},"end":{"line":96,"column":69}},"26":{"start":{"line":98,"column":6},"end":{"line":102,"column":8}},"27":{"start":{"line":105,"column":4},"end":{"line":105,"column":18}},"28":{"start":{"line":114,"column":27},"end":{"line":117,"column":6}},"29":{"start":{"line":119,"column":4},"end":{"line":133,"column":5}},"30":{"start":{"line":120,"column":6},"end":{"line":127,"column":8}},"31":{"start":{"line":129,"column":6},"end":{"line":132,"column":8}},"32":{"start":{"line":134,"column":4},"end":{"line":134,"column":18}},"33":{"start":{"line":140,"column":49},"end":{"line":143,"column":6}},"34":{"start":{"line":145,"column":4},"end":{"line":193,"column":5}},"35":{"start":{"line":147,"column":25},"end":{"line":147,"column":67}},"36":{"start":{"line":148,"column":6},"end":{"line":150,"column":7}},"37":{"start":{"line":149,"column":8},"end":{"line":149,"column":72}},"38":{"start":{"line":153,"column":28},"end":{"line":155,"column":8}},"39":{"start":{"line":157,"column":31},"end":{"line":157,"column":33}},"40":{"start":{"line":158,"column":6},"end":{"line":176,"column":7}},"41":{"start":{"line":159,"column":8},"end":{"line":159,"column":49}},"42":{"start":{"line":162,"column":8},"end":{"line":162,"column":38}},"43":{"start":{"line":165,"column":8},"end":{"line":170,"column":11}},"44":{"start":{"line":172,"column":8},"end":{"line":175,"column":10}},"45":{"start":{"line":178,"column":36},"end":{"line":182,"column":8}},"46":{"start":{"line":185,"column":6},"end":{"line":185,"column":49}},"47":{"start":{"line":187,"column":6},"end":{"line":187,"column":20}},"48":{"start":{"line":189,"column":6},"end":{"line":192,"column":8}},"49":{"start":{"line":194,"column":4},"end":{"line":194,"column":18}},"50":{"start":{"line":200,"column":43},"end":{"line":203,"column":6}},"51":{"start":{"line":205,"column":4},"end":{"line":250,"column":5}},"52":{"start":{"line":207,"column":25},"end":{"line":208,"column":null}},"53":{"start":{"line":210,"column":6},"end":{"line":212,"column":7}},"54":{"start":{"line":211,"column":8},"end":{"line":211,"column":72}},"55":{"start":{"line":215,"column":25},"end":{"line":220,"column":8}},"56":{"start":{"line":221,"column":6},"end":{"line":226,"column":7}},"57":{"start":{"line":222,"column":8},"end":{"line":225,"column":10}},"58":{"start":{"line":229,"column":6},"end":{"line":235,"column":9}},"59":{"start":{"line":238,"column":6},"end":{"line":242,"column":9}},"60":{"start":{"line":244,"column":6},"end":{"line":244,"column":20}},"61":{"start":{"line":246,"column":6},"end":{"line":249,"column":8}},"62":{"start":{"line":251,"column":4},"end":{"line":251,"column":18}},"63":{"start":{"line":264,"column":4},"end":{"line":266,"column":5}},"64":{"start":{"line":265,"column":6},"end":{"line":265,"column":67}},"65":{"start":{"line":267,"column":29},"end":{"line":267,"column":38}},"66":{"start":{"line":268,"column":26},"end":{"line":271,"column":6}},"67":{"start":{"line":273,"column":4},"end":{"line":276,"column":6}},"68":{"start":{"line":285,"column":17},"end":{"line":285,"column":63}},"69":{"start":{"line":286,"column":4},"end":{"line":288,"column":5}},"70":{"start":{"line":287,"column":6},"end":{"line":287,"column":72}},"71":{"start":{"line":289,"column":4},"end":{"line":289,"column":16}},"72":{"start":{"line":293,"column":24},"end":{"line":293,"column":70}},"73":{"start":{"line":294,"column":29},"end":{"line":294,"column":84}},"74":{"start":{"line":295,"column":4},"end":{"line":318,"column":2}},"75":{"start":{"line":24,"column":13},"end":{"line":24,"column":24}},"76":{"start":{"line":24,"column":13},"end":{"line":320,"column":null}}},"fnMap":{"0":{"name":"(anonymous_2)","decl":{"start":{"line":25,"column":2},"end":{"line":25,"column":null}},"loc":{"start":{"line":30,"column":49},"end":{"line":31,"column":6}}},"1":{"name":"(anonymous_3)","decl":{"start":{"line":38,"column":2},"end":{"line":38,"column":7}},"loc":{"start":{"line":38,"column":45},"end":{"line":53,"column":3}}},"2":{"name":"(anonymous_4)","decl":{"start":{"line":60,"column":2},"end":{"line":60,"column":7}},"loc":{"start":{"line":60,"column":40},"end":{"line":106,"column":3}}},"3":{"name":"(anonymous_5)","decl":{"start":{"line":113,"column":2},"end":{"line":113,"column":7}},"loc":{"start":{"line":113,"column":21},"end":{"line":135,"column":3}}},"4":{"name":"(anonymous_6)","decl":{"start":{"line":137,"column":2},"end":{"line":137,"column":7}},"loc":{"start":{"line":138,"column":17},"end":{"line":195,"column":3}}},"5":{"name":"(anonymous_7)","decl":{"start":{"line":197,"column":2},"end":{"line":197,"column":7}},"loc":{"start":{"line":198,"column":34},"end":{"line":252,"column":3}}},"6":{"name":"(anonymous_8)","decl":{"start":{"line":260,"column":10},"end":{"line":260,"column":15}},"loc":{"start":{"line":262,"column":28},"end":{"line":277,"column":3}}},"7":{"name":"(anonymous_9)","decl":{"start":{"line":284,"column":2},"end":{"line":284,"column":7}},"loc":{"start":{"line":284,"column":40},"end":{"line":290,"column":3}}},"8":{"name":"(anonymous_10)","decl":{"start":{"line":292,"column":10},"end":{"line":292,"column":23}},"loc":{"start":{"line":292,"column":52},"end":{"line":319,"column":3}}}},"branchMap":{"0":{"loc":{"start":{"line":148,"column":6},"end":{"line":150,"column":7}},"type":"if","locations":[{"start":{"line":148,"column":6},"end":{"line":150,"column":7}}]},"1":{"loc":{"start":{"line":158,"column":6},"end":{"line":176,"column":7}},"type":"if","locations":[{"start":{"line":158,"column":6},"end":{"line":176,"column":7}},{"start":{"line":160,"column":13},"end":{"line":176,"column":7}}]},"2":{"loc":{"start":{"line":210,"column":6},"end":{"line":212,"column":7}},"type":"if","locations":[{"start":{"line":210,"column":6},"end":{"line":212,"column":7}}]},"3":{"loc":{"start":{"line":221,"column":6},"end":{"line":226,"column":7}},"type":"if","locations":[{"start":{"line":221,"column":6},"end":{"line":226,"column":7}}]},"4":{"loc":{"start":{"line":262,"column":4},"end":{"line":262,"column":28}},"type":"default-arg","locations":[{"start":{"line":262,"column":24},"end":{"line":262,"column":28}}]},"5":{"loc":{"start":{"line":264,"column":4},"end":{"line":266,"column":5}},"type":"if","locations":[{"start":{"line":264,"column":4},"end":{"line":266,"column":5}}]},"6":{"loc":{"start":{"line":286,"column":4},"end":{"line":288,"column":5}},"type":"if","locations":[{"start":{"line":286,"column":4},"end":{"line":288,"column":5}}]}},"s":{"0":3,"1":3,"2":3,"3":3,"4":3,"5":3,"6":3,"7":3,"8":3,"9":25,"10":25,"11":25,"12":25,"13":25,"14":12,"15":12,"16":12,"17":3,"18":12,"19":3,"20":3,"21":3,"22":2,"23":2,"24":2,"25":2,"26":1,"27":3,"28":4,"29":4,"30":4,"31":2,"32":4,"33":5,"34":5,"35":5,"36":4,"37":1,"38":3,"39":3,"40":3,"41":0,"42":3,"43":3,"44":3,"45":3,"46":3,"47":3,"48":2,"49":2,"50":6,"51":6,"52":6,"53":6,"54":2,"55":4,"56":3,"57":1,"58":2,"59":2,"60":2,"61":4,"62":4,"63":4,"64":0,"65":4,"66":4,"67":4,"68":4,"69":4,"70":2,"71":2,"72":3,"73":3,"74":3,"75":3,"76":3},"f":{"0":25,"1":12,"2":3,"3":4,"4":5,"5":6,"6":4,"7":4,"8":3},"b":{"0":[1],"1":[0,3],"2":[2],"3":[1],"4":[0],"5":[0],"6":[2]}}
,"/Users/raulsm/htdocs/giin-dynamic-blocks-backend/src/auth/jwt.strategy.ts": {"path":"/Users/raulsm/htdocs/giin-dynamic-blocks-backend/src/auth/jwt.strategy.ts","statementMap":{"0":{"start":{"line":1,"column":0},"end":{"line":1,"column":52}},"1":{"start":{"line":2,"column":0},"end":{"line":2,"column":52}},"2":{"start":{"line":3,"column":0},"end":{"line":3,"column":45}},"3":{"start":{"line":4,"column":0},"end":{"line":4,"column":71}},"4":{"start":{"line":9,"column":7},"end":{"line":34,"column":null}},"5":{"start":{"line":15,"column":4},"end":{"line":19,"column":7}},"6":{"start":{"line":14,"column":31},"end":{"line":14,"column":44}},"7":{"start":{"line":28,"column":32},"end":{"line":28,"column":76}},"8":{"start":{"line":29,"column":4},"end":{"line":31,"column":5}},"9":{"start":{"line":30,"column":6},"end":{"line":30,"column":72}},"10":{"start":{"line":32,"column":4},"end":{"line":32,"column":16}},"11":{"start":{"line":9,"column":13},"end":{"line":9,"column":24}},"12":{"start":{"line":9,"column":13},"end":{"line":34,"column":null}}},"fnMap":{"0":{"name":"(anonymous_2)","decl":{"start":{"line":14,"column":2},"end":{"line":14,"column":31}},"loc":{"start":{"line":14,"column":55},"end":{"line":20,"column":3}}},"1":{"name":"(anonymous_3)","decl":{"start":{"line":27,"column":2},"end":{"line":27,"column":7}},"loc":{"start":{"line":27,"column":36},"end":{"line":33,"column":3}}}},"branchMap":{"0":{"loc":{"start":{"line":29,"column":4},"end":{"line":31,"column":5}},"type":"if","locations":[{"start":{"line":29,"column":4},"end":{"line":31,"column":5}}]}},"s":{"0":2,"1":2,"2":2,"3":2,"4":2,"5":14,"6":14,"7":2,"8":1,"9":0,"10":1,"11":2,"12":2},"f":{"0":14,"1":2},"b":{"0":[0]}}
,"/Users/raulsm/htdocs/giin-dynamic-blocks-backend/src/auth/guards/jwt-auth.guard.ts": {"path":"/Users/raulsm/htdocs/giin-dynamic-blocks-backend/src/auth/guards/jwt-auth.guard.ts","statementMap":{"0":{"start":{"line":1,"column":0},"end":{"line":1,"column":44}},"1":{"start":{"line":2,"column":0},"end":{"line":2,"column":45}},"2":{"start":{"line":5,"column":7},"end":{"line":5,"column":null}},"3":{"start":{"line":5,"column":13},"end":{"line":5,"column":25}},"4":{"start":{"line":5,"column":13},"end":{"line":5,"column":null}}},"fnMap":{},"branchMap":{},"s":{"0":6,"1":6,"2":6,"3":6,"4":6},"f":{},"b":{}}
,"/Users/raulsm/htdocs/giin-dynamic-blocks-backend/src/forms/forms.controller.ts": {"path":"/Users/raulsm/htdocs/giin-dynamic-blocks-backend/src/forms/forms.controller.ts","statementMap":{"0":{"start":{"line":1,"column":0},"end":{"line":1,"column":null}},"1":{"start":{"line":14,"column":0},"end":{"line":14,"column":47}},"2":{"start":{"line":15,"column":0},"end":{"line":15,"column":61}},"3":{"start":{"line":16,"column":0},"end":{"line":16,"column":55}},"4":{"start":{"line":17,"column":0},"end":{"line":17,"column":69}},"5":{"start":{"line":18,"column":0},"end":{"line":18,"column":82}},"6":{"start":{"line":21,"column":0},"end":{"line":21,"column":60}},"7":{"start":{"line":22,"column":0},"end":{"line":22,"column":66}},"8":{"start":{"line":26,"column":7},"end":{"line":137,"column":null}},"9":{"start":{"line":27,"column":31},"end":{"line":27,"column":45}},"10":{"start":{"line":34,"column":4},"end":{"line":37,"column":7}},"11":{"start":{"line":45,"column":4},"end":{"line":45,"column":59}},"12":{"start":{"line":51,"column":4},"end":{"line":51,"column":52}},"13":{"start":{"line":59,"column":4},"end":{"line":59,"column":47}},"14":{"start":{"line":67,"column":4},"end":{"line":70,"column":7}},"15":{"start":{"line":78,"column":4},"end":{"line":81,"column":7}},"16":{"start":{"line":94,"column":4},"end":{"line":103,"column":5}},"17":{"start":{"line":95,"column":33},"end":{"line":97,"column":null}},"18":{"start":{"line":99,"column":6},"end":{"line":99,"column":37}},"19":{"start":{"line":100,"column":6},"end":{"line":100,"column":16}},"20":{"start":{"line":102,"column":6},"end":{"line":102,"column":34}},"21":{"start":{"line":115,"column":4},"end":{"line":119,"column":6}},"22":{"start":{"line":131,"column":4},"end":{"line":135,"column":6}},"23":{"start":{"line":26,"column":13},"end":{"line":26,"column":28}},"24":{"start":{"line":33,"column":8},"end":{"line":38,"column":null}},"25":{"start":{"line":44,"column":8},"end":{"line":46,"column":null}},"26":{"start":{"line":50,"column":8},"end":{"line":52,"column":null}},"27":{"start":{"line":58,"column":8},"end":{"line":60,"column":null}},"28":{"start":{"line":66,"column":8},"end":{"line":71,"column":null}},"29":{"start":{"line":77,"column":8},"end":{"line":82,"column":null}},"30":{"start":{"line":89,"column":8},"end":{"line":104,"column":null}},"31":{"start":{"line":110,"column":8},"end":{"line":120,"column":null}},"32":{"start":{"line":126,"column":8},"end":{"line":136,"column":null}},"33":{"start":{"line":26,"column":13},"end":{"line":137,"column":null}}},"fnMap":{"0":{"name":"(anonymous_4)","decl":{"start":{"line":27,"column":2},"end":{"line":27,"column":31}},"loc":{"start":{"line":27,"column":57},"end":{"line":27,"column":61}}},"1":{"name":"(anonymous_5)","decl":{"start":{"line":33,"column":2},"end":{"line":33,"column":7}},"loc":{"start":{"line":33,"column":74},"end":{"line":38,"column":3}}},"2":{"name":"(anonymous_6)","decl":{"start":{"line":44,"column":2},"end":{"line":44,"column":7}},"loc":{"start":{"line":44,"column":30},"end":{"line":46,"column":3}}},"3":{"name":"(anonymous_7)","decl":{"start":{"line":50,"column":2},"end":{"line":50,"column":7}},"loc":{"start":{"line":50,"column":46},"end":{"line":52,"column":3}}},"4":{"name":"(anonymous_8)","decl":{"start":{"line":58,"column":2},"end":{"line":58,"column":7}},"loc":{"start":{"line":58,"column":39},"end":{"line":60,"column":3}}},"5":{"name":"(anonymous_9)","decl":{"start":{"line":66,"column":2},"end":{"line":66,"column":7}},"loc":{"start":{"line":66,"column":54},"end":{"line":71,"column":3}}},"6":{"name":"(anonymous_10)","decl":{"start":{"line":77,"column":2},"end":{"line":77,"column":7}},"loc":{"start":{"line":77,"column":55},"end":{"line":82,"column":3}}},"7":{"name":"(anonymous_11)","decl":{"start":{"line":89,"column":2},"end":{"line":89,"column":7}},"loc":{"start":{"line":92,"column":18},"end":{"line":104,"column":3}}},"8":{"name":"(anonymous_12)","decl":{"start":{"line":110,"column":2},"end":{"line":110,"column":7}},"loc":{"start":{"line":113,"column":18},"end":{"line":120,"column":3}}},"9":{"name":"(anonymous_13)","decl":{"start":{"line":126,"column":2},"end":{"line":126,"column":7}},"loc":{"start":{"line":129,"column":18},"end":{"line":136,"column":3}}}},"branchMap":{},"s":{"0":1,"1":1,"2":1,"3":1,"4":1,"5":1,"6":1,"7":1,"8":1,"9":9,"10":8,"11":1,"12":1,"13":1,"14":9,"15":1,"16":1,"17":1,"18":0,"19":0,"20":1,"21":3,"22":1,"23":1,"24":1,"25":1,"26":1,"27":1,"28":1,"29":1,"30":1,"31":1,"32":1,"33":1},"f":{"0":9,"1":8,"2":1,"3":1,"4":1,"5":9,"6":1,"7":1,"8":3,"9":1},"b":{}}
,"/Users/raulsm/htdocs/giin-dynamic-blocks-backend/src/forms/forms.service.ts": {"path":"/Users/raulsm/htdocs/giin-dynamic-blocks-backend/src/forms/forms.service.ts","statementMap":{"0":{"start":{"line":1,"column":0},"end":{"line":1,"column":71}},"1":{"start":{"line":3,"column":0},"end":{"line":3,"column":60}},"2":{"start":{"line":4,"column":0},"end":{"line":4,"column":30}},"3":{"start":{"line":5,"column":0},"end":{"line":5,"column":32}},"4":{"start":{"line":11,"column":0},"end":{"line":11,"column":46}},"5":{"start":{"line":12,"column":0},"end":{"line":12,"column":54}},"6":{"start":{"line":14,"column":0},"end":{"line":14,"column":54}},"7":{"start":{"line":18,"column":7},"end":{"line":681,"column":null}},"8":{"start":{"line":23,"column":22},"end":{"line":23,"column":30}},"9":{"start":{"line":26,"column":4},"end":{"line":48,"column":5}},"10":{"start":{"line":27,"column":6},"end":{"line":29,"column":7}},"11":{"start":{"line":28,"column":8},"end":{"line":28,"column":75}},"12":{"start":{"line":31,"column":19},"end":{"line":36,"column":8}},"13":{"start":{"line":38,"column":6},"end":{"line":40,"column":7}},"14":{"start":{"line":39,"column":8},"end":{"line":39,"column":72}},"15":{"start":{"line":42,"column":6},"end":{"line":42,"column":18}},"16":{"start":{"line":44,"column":6},"end":{"line":47,"column":8}},"17":{"start":{"line":52,"column":37},"end":{"line":52,"column":60}},"18":{"start":{"line":53,"column":21},"end":{"line":53,"column":43}},"19":{"start":{"line":54,"column":4},"end":{"line":54,"column":34}},"20":{"start":{"line":56,"column":23},"end":{"line":56,"column":74}},"21":{"start":{"line":57,"column":32},"end":{"line":61,"column":6}},"22":{"start":{"line":64,"column":4},"end":{"line":85,"column":7}},"23":{"start":{"line":65,"column":6},"end":{"line":65,"column":46}},"24":{"start":{"line":66,"column":6},"end":{"line":66,"column":31}},"25":{"start":{"line":68,"column":6},"end":{"line":70,"column":7}},"26":{"start":{"line":69,"column":8},"end":{"line":69,"column":32}},"27":{"start":{"line":72,"column":6},"end":{"line":83,"column":7}},"28":{"start":{"line":73,"column":45},"end":{"line":78,"column":78}},"29":{"start":{"line":75,"column":12},"end":{"line":75,"column":44}},"30":{"start":{"line":76,"column":12},"end":{"line":76,"column":41}},"31":{"start":{"line":78,"column":58},"end":{"line":78,"column":77}},"32":{"start":{"line":79,"column":8},"end":{"line":82,"column":10}},"33":{"start":{"line":84,"column":6},"end":{"line":84,"column":22}},"34":{"start":{"line":87,"column":22},"end":{"line":91,"column":6}},"35":{"start":{"line":93,"column":24},"end":{"line":126,"column":6}},"36":{"start":{"line":128,"column":4},"end":{"line":136,"column":7}},"37":{"start":{"line":138,"column":4},"end":{"line":138,"column":23}},"38":{"start":{"line":143,"column":4},"end":{"line":195,"column":5}},"39":{"start":{"line":144,"column":6},"end":{"line":194,"column":9}},"40":{"start":{"line":198,"column":4},"end":{"line":253,"column":7}},"41":{"start":{"line":257,"column":32},"end":{"line":271,"column":6}},"42":{"start":{"line":273,"column":4},"end":{"line":275,"column":5}},"43":{"start":{"line":274,"column":6},"end":{"line":274,"column":70}},"44":{"start":{"line":277,"column":4},"end":{"line":277,"column":16}},"45":{"start":{"line":281,"column":4},"end":{"line":333,"column":5}},"46":{"start":{"line":282,"column":6},"end":{"line":284,"column":7}},"47":{"start":{"line":283,"column":8},"end":{"line":283,"column":75}},"48":{"start":{"line":286,"column":39},"end":{"line":286,"column":65}},"49":{"start":{"line":288,"column":6},"end":{"line":293,"column":7}},"50":{"start":{"line":289,"column":8},"end":{"line":292,"column":10}},"51":{"start":{"line":296,"column":6},"end":{"line":301,"column":7}},"52":{"start":{"line":297,"column":8},"end":{"line":300,"column":10}},"53":{"start":{"line":303,"column":26},"end":{"line":315,"column":8}},"54":{"start":{"line":317,"column":6},"end":{"line":325,"column":9}},"55":{"start":{"line":327,"column":6},"end":{"line":327,"column":25}},"56":{"start":{"line":329,"column":6},"end":{"line":332,"column":8}},"57":{"start":{"line":337,"column":4},"end":{"line":394,"column":5}},"58":{"start":{"line":338,"column":6},"end":{"line":340,"column":7}},"59":{"start":{"line":339,"column":8},"end":{"line":339,"column":75}},"60":{"start":{"line":342,"column":24},"end":{"line":347,"column":8}},"61":{"start":{"line":349,"column":6},"end":{"line":354,"column":7}},"62":{"start":{"line":350,"column":8},"end":{"line":353,"column":10}},"63":{"start":{"line":357,"column":6},"end":{"line":362,"column":7}},"64":{"start":{"line":358,"column":8},"end":{"line":361,"column":10}},"65":{"start":{"line":364,"column":27},"end":{"line":376,"column":8}},"66":{"start":{"line":378,"column":6},"end":{"line":386,"column":9}},"67":{"start":{"line":388,"column":6},"end":{"line":388,"column":26}},"68":{"start":{"line":390,"column":6},"end":{"line":393,"column":8}},"69":{"start":{"line":401,"column":20},"end":{"line":401,"column":57}},"70":{"start":{"line":403,"column":22},"end":{"line":411,"column":6}},"71":{"start":{"line":412,"column":4},"end":{"line":412,"column":34}},"72":{"start":{"line":418,"column":4},"end":{"line":418,"column":49}},"73":{"start":{"line":422,"column":20},"end":{"line":427,"column":6}},"74":{"start":{"line":429,"column":4},"end":{"line":429,"column":21}},"75":{"start":{"line":433,"column":4},"end":{"line":521,"column":5}},"76":{"start":{"line":434,"column":6},"end":{"line":436,"column":7}},"77":{"start":{"line":435,"column":8},"end":{"line":435,"column":75}},"78":{"start":{"line":438,"column":19},"end":{"line":443,"column":8}},"79":{"start":{"line":445,"column":6},"end":{"line":447,"column":7}},"80":{"start":{"line":446,"column":8},"end":{"line":446,"column":72}},"81":{"start":{"line":449,"column":22},"end":{"line":449,"column":59}},"82":{"start":{"line":452,"column":23},"end":{"line":457,"column":8}},"83":{"start":{"line":459,"column":6},"end":{"line":464,"column":7}},"84":{"start":{"line":460,"column":8},"end":{"line":463,"column":10}},"85":{"start":{"line":467,"column":30},"end":{"line":471,"column":8}},"86":{"start":{"line":473,"column":6},"end":{"line":481,"column":9}},"87":{"start":{"line":483,"column":33},"end":{"line":483,"column":47}},"88":{"start":{"line":484,"column":35},"end":{"line":484,"column":76}},"89":{"start":{"line":487,"column":6},"end":{"line":492,"column":9}},"90":{"start":{"line":488,"column":8},"end":{"line":491,"column":10}},"91":{"start":{"line":494,"column":6},"end":{"line":513,"column":9}},"92":{"start":{"line":495,"column":20},"end":{"line":495,"column":22}},"93":{"start":{"line":496,"column":8},"end":{"line":511,"column":11}},"94":{"start":{"line":497,"column":10},"end":{"line":510,"column":11}},"95":{"start":{"line":503,"column":12},"end":{"line":503,"column":67}},"96":{"start":{"line":504,"column":17},"end":{"line":510,"column":11}},"97":{"start":{"line":505,"column":12},"end":{"line":507,"column":26}},"98":{"start":{"line":506,"column":30},"end":{"line":506,"column":41}},"99":{"start":{"line":509,"column":12},"end":{"line":509,"column":50}},"100":{"start":{"line":512,"column":8},"end":{"line":512,"column":30}},"101":{"start":{"line":515,"column":6},"end":{"line":515,"column":22}},"102":{"start":{"line":517,"column":6},"end":{"line":520,"column":8}},"103":{"start":{"line":529,"column":4},"end":{"line":611,"column":5}},"104":{"start":{"line":531,"column":6},"end":{"line":531,"column":29}},"105":{"start":{"line":534,"column":19},"end":{"line":535,"column":null}},"106":{"start":{"line":538,"column":6},"end":{"line":540,"column":7}},"107":{"start":{"line":539,"column":8},"end":{"line":539,"column":72}},"108":{"start":{"line":543,"column":23},"end":{"line":548,"column":8}},"109":{"start":{"line":550,"column":6},"end":{"line":605,"column":7}},"110":{"start":{"line":552,"column":35},"end":{"line":559,"column":10}},"111":{"start":{"line":561,"column":8},"end":{"line":572,"column":11}},"112":{"start":{"line":574,"column":8},"end":{"line":577,"column":10}},"113":{"start":{"line":580,"column":36},"end":{"line":586,"column":10}},"114":{"start":{"line":588,"column":8},"end":{"line":599,"column":11}},"115":{"start":{"line":601,"column":8},"end":{"line":604,"column":10}},"116":{"start":{"line":607,"column":6},"end":{"line":610,"column":8}},"117":{"start":{"line":619,"column":4},"end":{"line":675,"column":5}},"118":{"start":{"line":621,"column":6},"end":{"line":621,"column":29}},"119":{"start":{"line":624,"column":19},"end":{"line":625,"column":null}},"120":{"start":{"line":628,"column":6},"end":{"line":630,"column":7}},"121":{"start":{"line":629,"column":8},"end":{"line":629,"column":72}},"122":{"start":{"line":633,"column":23},"end":{"line":638,"column":8}},"123":{"start":{"line":640,"column":6},"end":{"line":645,"column":7}},"124":{"start":{"line":641,"column":8},"end":{"line":644,"column":10}},"125":{"start":{"line":647,"column":33},"end":{"line":651,"column":8}},"126":{"start":{"line":653,"column":6},"end":{"line":664,"column":9}},"127":{"start":{"line":666,"column":6},"end":{"line":669,"column":8}},"128":{"start":{"line":671,"column":6},"end":{"line":674,"column":8}},"129":{"start":{"line":679,"column":4},"end":{"line":679,"column":52}},"130":{"start":{"line":18,"column":13},"end":{"line":18,"column":25}},"131":{"start":{"line":18,"column":13},"end":{"line":681,"column":null}}},"fnMap":{"0":{"name":"(anonymous_2)","decl":{"start":{"line":23,"column":2},"end":{"line":23,"column":22}},"loc":{"start":{"line":23,"column":43},"end":{"line":23,"column":47}}},"1":{"name":"(anonymous_3)","decl":{"start":{"line":25,"column":2},"end":{"line":25,"column":7}},"loc":{"start":{"line":25,"column":26},"end":{"line":49,"column":3}}},"2":{"name":"(anonymous_4)","decl":{"start":{"line":51,"column":2},"end":{"line":51,"column":7}},"loc":{"start":{"line":51,"column":50},"end":{"line":139,"column":3}}},"3":{"name":"(anonymous_5)","decl":{"start":{"line":64,"column":35},"end":{"line":64,"column":36}},"loc":{"start":{"line":64,"column":74},"end":{"line":85,"column":5}}},"4":{"name":"(anonymous_6)","decl":{"start":{"line":74,"column":15},"end":{"line":74,"column":16}},"loc":{"start":{"line":74,"column":60},"end":{"line":77,"column":11}}},"5":{"name":"(anonymous_7)","decl":{"start":{"line":78,"column":18},"end":{"line":78,"column":19}},"loc":{"start":{"line":78,"column":58},"end":{"line":78,"column":77}}},"6":{"name":"(anonymous_8)","decl":{"start":{"line":141,"column":2},"end":{"line":141,"column":7}},"loc":{"start":{"line":141,"column":32},"end":{"line":254,"column":3}}},"7":{"name":"(anonymous_9)","decl":{"start":{"line":256,"column":2},"end":{"line":256,"column":7}},"loc":{"start":{"line":256,"column":31},"end":{"line":278,"column":3}}},"8":{"name":"(anonymous_10)","decl":{"start":{"line":280,"column":2},"end":{"line":280,"column":7}},"loc":{"start":{"line":280,"column":33},"end":{"line":334,"column":3}}},"9":{"name":"(anonymous_11)","decl":{"start":{"line":336,"column":2},"end":{"line":336,"column":7}},"loc":{"start":{"line":336,"column":34},"end":{"line":395,"column":3}}},"10":{"name":"(anonymous_12)","decl":{"start":{"line":397,"column":2},"end":{"line":397,"column":7}},"loc":{"start":{"line":399,"column":18},"end":{"line":413,"column":3}}},"11":{"name":"(anonymous_13)","decl":{"start":{"line":415,"column":2},"end":{"line":415,"column":7}},"loc":{"start":{"line":416,"column":18},"end":{"line":419,"column":3}}},"12":{"name":"(anonymous_14)","decl":{"start":{"line":421,"column":2},"end":{"line":421,"column":7}},"loc":{"start":{"line":421,"column":41},"end":{"line":430,"column":3}}},"13":{"name":"(anonymous_15)","decl":{"start":{"line":432,"column":2},"end":{"line":432,"column":7}},"loc":{"start":{"line":432,"column":57},"end":{"line":522,"column":3}}},"14":{"name":"(anonymous_16)","decl":{"start":{"line":487,"column":45},"end":{"line":487,"column":46}},"loc":{"start":{"line":487,"column":58},"end":{"line":492,"column":7}}},"15":{"name":"(anonymous_17)","decl":{"start":{"line":494,"column":30},"end":{"line":494,"column":31}},"loc":{"start":{"line":494,"column":45},"end":{"line":513,"column":7}}},"16":{"name":"(anonymous_18)","decl":{"start":{"line":496,"column":35},"end":{"line":496,"column":36}},"loc":{"start":{"line":496,"column":46},"end":{"line":511,"column":9}}},"17":{"name":"(anonymous_19)","decl":{"start":{"line":506,"column":19},"end":{"line":506,"column":20}},"loc":{"start":{"line":506,"column":30},"end":{"line":506,"column":41}}},"18":{"name":"(anonymous_20)","decl":{"start":{"line":524,"column":2},"end":{"line":524,"column":7}},"loc":{"start":{"line":527,"column":18},"end":{"line":612,"column":3}}},"19":{"name":"(anonymous_21)","decl":{"start":{"line":614,"column":2},"end":{"line":614,"column":7}},"loc":{"start":{"line":617,"column":18},"end":{"line":676,"column":3}}},"20":{"name":"(anonymous_22)","decl":{"start":{"line":678,"column":2},"end":{"line":678,"column":17}},"loc":{"start":{"line":678,"column":28},"end":{"line":680,"column":3}}}},"branchMap":{"0":{"loc":{"start":{"line":27,"column":6},"end":{"line":29,"column":7}},"type":"if","locations":[{"start":{"line":27,"column":6},"end":{"line":29,"column":7}}]},"1":{"loc":{"start":{"line":38,"column":6},"end":{"line":40,"column":7}},"type":"if","locations":[{"start":{"line":38,"column":6},"end":{"line":40,"column":7}}]},"2":{"loc":{"start":{"line":46,"column":8},"end":{"line":46,"column":56}},"type":"binary-expr","locations":[{"start":{"line":46,"column":8},"end":{"line":46,"column":20}},{"start":{"line":46,"column":24},"end":{"line":46,"column":56}}]},"3":{"loc":{"start":{"line":68,"column":6},"end":{"line":70,"column":7}},"type":"if","locations":[{"start":{"line":68,"column":6},"end":{"line":70,"column":7}}]},"4":{"loc":{"start":{"line":72,"column":6},"end":{"line":83,"column":7}},"type":"if","locations":[{"start":{"line":72,"column":6},"end":{"line":83,"column":7}}]},"5":{"loc":{"start":{"line":143,"column":4},"end":{"line":195,"column":5}},"type":"if","locations":[{"start":{"line":143,"column":4},"end":{"line":195,"column":5}}]},"6":{"loc":{"start":{"line":273,"column":4},"end":{"line":275,"column":5}},"type":"if","locations":[{"start":{"line":273,"column":4},"end":{"line":275,"column":5}}]},"7":{"loc":{"start":{"line":282,"column":6},"end":{"line":284,"column":7}},"type":"if","locations":[{"start":{"line":282,"column":6},"end":{"line":284,"column":7}}]},"8":{"loc":{"start":{"line":288,"column":6},"end":{"line":293,"column":7}},"type":"if","locations":[{"start":{"line":288,"column":6},"end":{"line":293,"column":7}}]},"9":{"loc":{"start":{"line":296,"column":6},"end":{"line":301,"column":7}},"type":"if","locations":[{"start":{"line":296,"column":6},"end":{"line":301,"column":7}}]},"10":{"loc":{"start":{"line":331,"column":8},"end":{"line":331,"column":56}},"type":"binary-expr","locations":[{"start":{"line":331,"column":8},"end":{"line":331,"column":20}},{"start":{"line":331,"column":24},"end":{"line":331,"column":56}}]},"11":{"loc":{"start":{"line":338,"column":6},"end":{"line":340,"column":7}},"type":"if","locations":[{"start":{"line":338,"column":6},"end":{"line":340,"column":7}}]},"12":{"loc":{"start":{"line":349,"column":6},"end":{"line":354,"column":7}},"type":"if","locations":[{"start":{"line":349,"column":6},"end":{"line":354,"column":7}}]},"13":{"loc":{"start":{"line":357,"column":6},"end":{"line":362,"column":7}},"type":"if","locations":[{"start":{"line":357,"column":6},"end":{"line":362,"column":7}}]},"14":{"loc":{"start":{"line":392,"column":8},"end":{"line":392,"column":56}},"type":"binary-expr","locations":[{"start":{"line":392,"column":8},"end":{"line":392,"column":20}},{"start":{"line":392,"column":24},"end":{"line":392,"column":56}}]},"15":{"loc":{"start":{"line":412,"column":11},"end":{"line":412,"column":33}},"type":"binary-expr","locations":[{"start":{"line":412,"column":11},"end":{"line":412,"column":18}},{"start":{"line":412,"column":22},"end":{"line":412,"column":33}}]},"16":{"loc":{"start":{"line":434,"column":6},"end":{"line":436,"column":7}},"type":"if","locations":[{"start":{"line":434,"column":6},"end":{"line":436,"column":7}}]},"17":{"loc":{"start":{"line":445,"column":6},"end":{"line":447,"column":7}},"type":"if","locations":[{"start":{"line":445,"column":6},"end":{"line":447,"column":7}}]},"18":{"loc":{"start":{"line":459,"column":6},"end":{"line":464,"column":7}},"type":"if","locations":[{"start":{"line":459,"column":6},"end":{"line":464,"column":7}}]},"19":{"loc":{"start":{"line":459,"column":10},"end":{"line":459,"column":31}},"type":"binary-expr","locations":[{"start":{"line":459,"column":10},"end":{"line":459,"column":18}},{"start":{"line":459,"column":22},"end":{"line":459,"column":31}}]},"20":{"loc":{"start":{"line":497,"column":10},"end":{"line":510,"column":11}},"type":"if","locations":[{"start":{"line":497,"column":10},"end":{"line":510,"column":11}},{"start":{"line":504,"column":17},"end":{"line":510,"column":11}}]},"21":{"loc":{"start":{"line":498,"column":12},"end":{"line":501,"column":36}},"type":"binary-expr","locations":[{"start":{"line":498,"column":12},"end":{"line":499,"column":null}},{"start":{"line":501,"column":12},"end":{"line":501,"column":36}}]},"22":{"loc":{"start":{"line":503,"column":37},"end":{"line":503,"column":66}},"type":"binary-expr","locations":[{"start":{"line":503,"column":37},"end":{"line":503,"column":60}},{"start":{"line":503,"column":64},"end":{"line":503,"column":66}}]},"23":{"loc":{"start":{"line":504,"column":17},"end":{"line":510,"column":11}},"type":"if","locations":[{"start":{"line":504,"column":17},"end":{"line":510,"column":11}},{"start":{"line":508,"column":17},"end":{"line":510,"column":11}}]},"24":{"loc":{"start":{"line":519,"column":8},"end":{"line":519,"column":56}},"type":"binary-expr","locations":[{"start":{"line":519,"column":8},"end":{"line":519,"column":20}},{"start":{"line":519,"column":24},"end":{"line":519,"column":56}}]},"25":{"loc":{"start":{"line":538,"column":6},"end":{"line":540,"column":7}},"type":"if","locations":[{"start":{"line":538,"column":6},"end":{"line":540,"column":7}}]},"26":{"loc":{"start":{"line":550,"column":6},"end":{"line":605,"column":7}},"type":"if","locations":[{"start":{"line":550,"column":6},"end":{"line":605,"column":7}},{"start":{"line":578,"column":13},"end":{"line":605,"column":7}}]},"27":{"loc":{"start":{"line":609,"column":8},"end":{"line":609,"column":56}},"type":"binary-expr","locations":[{"start":{"line":609,"column":8},"end":{"line":609,"column":20}},{"start":{"line":609,"column":24},"end":{"line":609,"column":56}}]},"28":{"loc":{"start":{"line":628,"column":6},"end":{"line":630,"column":7}},"type":"if","locations":[{"start":{"line":628,"column":6},"end":{"line":630,"column":7}}]},"29":{"loc":{"start":{"line":640,"column":6},"end":{"line":645,"column":7}},"type":"if","locations":[{"start":{"line":640,"column":6},"end":{"line":645,"column":7}}]},"30":{"loc":{"start":{"line":673,"column":8},"end":{"line":673,"column":56}},"type":"binary-expr","locations":[{"start":{"line":673,"column":8},"end":{"line":673,"column":20}},{"start":{"line":673,"column":24},"end":{"line":673,"column":56}}]},"31":{"loc":{"start":{"line":679,"column":11},"end":{"line":679,"column":51}},"type":"binary-expr","locations":[{"start":{"line":679,"column":11},"end":{"line":679,"column":27}},{"start":{"line":679,"column":31},"end":{"line":679,"column":51}}]}},"s":{"0":2,"1":2,"2":2,"3":2,"4":2,"5":2,"6":2,"7":2,"8":38,"9":48,"10":48,"11":1,"12":47,"13":47,"14":4,"15":43,"16":5,"17":25,"18":25,"19":25,"20":25,"21":25,"22":25,"23":5,"24":5,"25":5,"26":3,"27":5,"28":2,"29":4,"30":4,"31":4,"32":2,"33":3,"34":25,"35":25,"36":25,"37":25,"38":3,"39":1,"40":2,"41":3,"42":3,"43":1,"44":2,"45":31,"46":31,"47":2,"48":29,"49":28,"50":0,"51":28,"52":1,"53":27,"54":27,"55":27,"56":4,"57":4,"58":4,"59":0,"60":4,"61":4,"62":2,"63":2,"64":0,"65":2,"66":2,"67":2,"68":2,"69":28,"70":28,"71":28,"72":2,"73":32,"74":32,"75":5,"76":5,"77":2,"78":3,"79":3,"80":1,"81":2,"82":2,"83":2,"84":1,"85":1,"86":1,"87":1,"88":1,"89":1,"90":2,"91":1,"92":1,"93":1,"94":2,"95":0,"96":2,"97":0,"98":0,"99":2,"100":1,"101":1,"102":4,"103":10,"104":10,"105":9,"106":9,"107":1,"108":8,"109":8,"110":4,"111":4,"112":4,"113":4,"114":4,"115":4,"116":2,"117":6,"118":6,"119":5,"120":5,"121":1,"122":4,"123":4,"124":1,"125":3,"126":3,"127":2,"128":4,"129":88,"130":2,"131":2},"f":{"0":38,"1":48,"2":25,"3":5,"4":4,"5":4,"6":3,"7":3,"8":31,"9":4,"10":28,"11":2,"12":32,"13":5,"14":2,"15":1,"16":2,"17":0,"18":10,"19":6,"20":88},"b":{"0":[1],"1":[4],"2":[5,0],"3":[3],"4":[2],"5":[1],"6":[1],"7":[2],"8":[0],"9":[1],"10":[4,0],"11":[0],"12":[2],"13":[0],"14":[2,0],"15":[28,24],"16":[2],"17":[1],"18":[1],"19":[2,2],"20":[0,2],"21":[2,0],"22":[0,0],"23":[0,2],"24":[4,0],"25":[1],"26":[4,4],"27":[2,0],"28":[1],"29":[1],"30":[4,1],"31":[88,83]}}
,"/Users/raulsm/htdocs/giin-dynamic-blocks-backend/src/forms-submissions/forms-submissions.controller.ts": {"path":"/Users/raulsm/htdocs/giin-dynamic-blocks-backend/src/forms-submissions/forms-submissions.controller.ts","statementMap":{"0":{"start":{"line":1,"column":0},"end":{"line":1,"column":56}},"1":{"start":{"line":2,"column":0},"end":{"line":2,"column":70}},"2":{"start":{"line":3,"column":0},"end":{"line":3,"column":77}},"3":{"start":{"line":4,"column":0},"end":{"line":4,"column":42}},"4":{"start":{"line":8,"column":7},"end":{"line":17,"column":null}},"5":{"start":{"line":10,"column":21},"end":{"line":10,"column":46}},"6":{"start":{"line":15,"column":4},"end":{"line":15,"column":79}},"7":{"start":{"line":8,"column":13},"end":{"line":8,"column":39}},"8":{"start":{"line":14,"column":8},"end":{"line":16,"column":null}},"9":{"start":{"line":8,"column":13},"end":{"line":17,"column":null}}},"fnMap":{"0":{"name":"(anonymous_4)","decl":{"start":{"line":9,"column":2},"end":{"line":9,"column":null}},"loc":{"start":{"line":10,"column":69},"end":{"line":11,"column":6}}},"1":{"name":"(anonymous_5)","decl":{"start":{"line":14,"column":2},"end":{"line":14,"column":7}},"loc":{"start":{"line":14,"column":73},"end":{"line":16,"column":3}}}},"branchMap":{},"s":{"0":1,"1":1,"2":1,"3":1,"4":1,"5":1,"6":0,"7":1,"8":1,"9":1},"f":{"0":1,"1":0},"b":{}}
,"/Users/raulsm/htdocs/giin-dynamic-blocks-backend/src/forms-submissions/forms-submissions.service.ts": {"path":"/Users/raulsm/htdocs/giin-dynamic-blocks-backend/src/forms-submissions/forms-submissions.service.ts","statementMap":{"0":{"start":{"line":1,"column":0},"end":{"line":1,"column":71}},"1":{"start":{"line":3,"column":0},"end":{"line":3,"column":60}},"2":{"start":{"line":4,"column":0},"end":{"line":4,"column":32}},"3":{"start":{"line":8,"column":7},"end":{"line":57,"column":null}},"4":{"start":{"line":13,"column":22},"end":{"line":13,"column":30}},"5":{"start":{"line":16,"column":27},"end":{"line":16,"column":58}},"6":{"start":{"line":19,"column":17},"end":{"line":27,"column":6}},"7":{"start":{"line":29,"column":4},"end":{"line":31,"column":5}},"8":{"start":{"line":30,"column":6},"end":{"line":30,"column":70}},"9":{"start":{"line":33,"column":41},"end":{"line":33,"column":73}},"10":{"start":{"line":35,"column":4},"end":{"line":44,"column":7}},"11":{"start":{"line":36,"column":6},"end":{"line":36,"column":44}},"12":{"start":{"line":37,"column":6},"end":{"line":39,"column":7}},"13":{"start":{"line":38,"column":8},"end":{"line":38,"column":26}},"14":{"start":{"line":40,"column":6},"end":{"line":42,"column":7}},"15":{"start":{"line":41,"column":8},"end":{"line":41,"column":27}},"16":{"start":{"line":43,"column":6},"end":{"line":43,"column":20}},"17":{"start":{"line":46,"column":4},"end":{"line":55,"column":7}},"18":{"start":{"line":8,"column":13},"end":{"line":8,"column":36}},"19":{"start":{"line":8,"column":13},"end":{"line":57,"column":null}}},"fnMap":{"0":{"name":"(anonymous_2)","decl":{"start":{"line":13,"column":2},"end":{"line":13,"column":22}},"loc":{"start":{"line":13,"column":43},"end":{"line":13,"column":47}}},"1":{"name":"(anonymous_3)","decl":{"start":{"line":15,"column":2},"end":{"line":15,"column":7}},"loc":{"start":{"line":15,"column":65},"end":{"line":56,"column":3}}},"2":{"name":"(anonymous_4)","decl":{"start":{"line":35,"column":16},"end":{"line":35,"column":17}},"loc":{"start":{"line":35,"column":27},"end":{"line":44,"column":5}}}},"branchMap":{"0":{"loc":{"start":{"line":29,"column":4},"end":{"line":31,"column":5}},"type":"if","locations":[{"start":{"line":29,"column":4},"end":{"line":31,"column":5}}]},"1":{"loc":{"start":{"line":37,"column":6},"end":{"line":39,"column":7}},"type":"if","locations":[{"start":{"line":37,"column":6},"end":{"line":39,"column":7}}]},"2":{"loc":{"start":{"line":37,"column":10},"end":{"line":37,"column":70}},"type":"binary-expr","locations":[{"start":{"line":37,"column":10},"end":{"line":37,"column":45}},{"start":{"line":37,"column":49},"end":{"line":37,"column":70}}]},"3":{"loc":{"start":{"line":40,"column":6},"end":{"line":42,"column":7}},"type":"if","locations":[{"start":{"line":40,"column":6},"end":{"line":42,"column":7}}]},"4":{"loc":{"start":{"line":40,"column":10},"end":{"line":40,"column":72}},"type":"binary-expr","locations":[{"start":{"line":40,"column":10},"end":{"line":40,"column":46}},{"start":{"line":40,"column":50},"end":{"line":40,"column":72}}]}},"s":{"0":3,"1":3,"2":3,"3":3,"4":31,"5":1,"6":1,"7":1,"8":0,"9":1,"10":1,"11":2,"12":2,"13":1,"14":2,"15":0,"16":2,"17":1,"18":3,"19":3},"f":{"0":31,"1":1,"2":2},"b":{"0":[0],"1":[1],"2":[2,2],"3":[0],"4":[2,2]}}
,"/Users/raulsm/htdocs/giin-dynamic-blocks-backend/src/forms-submissions/dto/create-forms-submission.dto.ts": {"path":"/Users/raulsm/htdocs/giin-dynamic-blocks-backend/src/forms-submissions/dto/create-forms-submission.dto.ts","statementMap":{"0":{"start":{"line":2,"column":0},"end":{"line":2,"column":55}},"1":{"start":{"line":3,"column":0},"end":{"line":3,"column":46}},"2":{"start":{"line":5,"column":0},"end":{"line":5,"column":13}},"3":{"start":{"line":9,"column":2},"end":{"line":9,"column":null}},"4":{"start":{"line":13,"column":2},"end":{"line":13,"column":null}}},"fnMap":{},"branchMap":{},"s":{"0":1,"1":1,"2":1,"3":1,"4":1},"f":{},"b":{}}
,"/Users/raulsm/htdocs/giin-dynamic-blocks-backend/src/forms/dto/add-permission.dto.ts": {"path":"/Users/raulsm/htdocs/giin-dynamic-blocks-backend/src/forms/dto/add-permission.dto.ts","statementMap":{"0":{"start":{"line":1,"column":0},"end":{"line":1,"column":55}},"1":{"start":{"line":3,"column":0},"end":{"line":3,"column":13}},"2":{"start":{"line":6,"column":2},"end":{"line":6,"column":null}},"3":{"start":{"line":10,"column":2},"end":{"line":10,"column":null}}},"fnMap":{},"branchMap":{},"s":{"0":1,"1":1,"2":1,"3":1},"f":{},"b":{}}
,"/Users/raulsm/htdocs/giin-dynamic-blocks-backend/src/forms/dto/create-form-request.dto.ts": {"path":"/Users/raulsm/htdocs/giin-dynamic-blocks-backend/src/forms/dto/create-form-request.dto.ts","statementMap":{"0":{"start":{"line":1,"column":0},"end":{"line":1,"column":67}},"1":{"start":{"line":2,"column":0},"end":{"line":2,"column":46}},"2":{"start":{"line":5,"column":0},"end":{"line":5,"column":13}},"3":{"start":{"line":9,"column":2},"end":{"line":9,"column":null}},"4":{"start":{"line":14,"column":2},"end":{"line":14,"column":null}},"5":{"start":{"line":18,"column":2},"end":{"line":18,"column":null}},"6":{"start":{"line":22,"column":2},"end":{"line":22,"column":null}}},"fnMap":{},"branchMap":{},"s":{"0":1,"1":1,"2":1,"3":1,"4":1,"5":1,"6":1},"f":{},"b":{}}
,"/Users/raulsm/htdocs/giin-dynamic-blocks-backend/src/forms/dto/remove-permission.dto.ts": {"path":"/Users/raulsm/htdocs/giin-dynamic-blocks-backend/src/forms/dto/remove-permission.dto.ts","statementMap":{"0":{"start":{"line":1,"column":0},"end":{"line":1,"column":55}},"1":{"start":{"line":3,"column":0},"end":{"line":3,"column":13}},"2":{"start":{"line":6,"column":2},"end":{"line":6,"column":null}}},"fnMap":{},"branchMap":{},"s":{"0":1,"1":1,"2":1},"f":{},"b":{}}
,"/Users/raulsm/htdocs/giin-dynamic-blocks-backend/src/forms/enums/question-type-enum.ts": {"path":"/Users/raulsm/htdocs/giin-dynamic-blocks-backend/src/forms/enums/question-type-enum.ts","statementMap":{"0":{"start":{"line":1,"column":1},"end":{"line":1,"column":null}},"1":{"start":{"line":2,"column":4},"end":{"line":2,"column":null}},"2":{"start":{"line":3,"column":4},"end":{"line":3,"column":null}},"3":{"start":{"line":4,"column":4},"end":{"line":4,"column":null}},"4":{"start":{"line":5,"column":4},"end":{"line":5,"column":null}},"5":{"start":{"line":6,"column":4},"end":{"line":6,"column":null}},"6":{"start":{"line":7,"column":4},"end":{"line":7,"column":null}},"7":{"start":{"line":8,"column":4},"end":{"line":8,"column":null}},"8":{"start":{"line":9,"column":4},"end":{"line":9,"column":null}},"9":{"start":{"line":10,"column":4},"end":{"line":10,"column":null}},"10":{"start":{"line":13,"column":1},"end":{"line":13,"column":29}}},"fnMap":{"0":{"name":"(anonymous_0)","decl":{"start":{"line":1,"column":1},"end":{"line":1,"column":6}},"loc":{"start":{"line":1,"column":18},"end":{"line":11,"column":1}}}},"branchMap":{"0":{"loc":{"start":{"line":1,"column":6},"end":{"line":1,"column":null}},"type":"binary-expr","locations":[{"start":{"line":1,"column":6},"end":{"line":1,"column":18}},{"start":{"line":1,"column":6},"end":{"line":1,"column":null}}]}},"s":{"0":2,"1":2,"2":2,"3":2,"4":2,"5":2,"6":2,"7":2,"8":2,"9":2,"10":2},"f":{"0":2},"b":{"0":[2,2]}}
,"/Users/raulsm/htdocs/giin-dynamic-blocks-backend/src/mailer/mailer.controller.ts": {"path":"/Users/raulsm/htdocs/giin-dynamic-blocks-backend/src/mailer/mailer.controller.ts","statementMap":{"0":{"start":{"line":1,"column":0},"end":{"line":1,"column":61}},"1":{"start":{"line":2,"column":0},"end":{"line":2,"column":49}},"2":{"start":{"line":6,"column":7},"end":{"line":21,"column":null}},"3":{"start":{"line":7,"column":31},"end":{"line":7,"column":46}},"4":{"start":{"line":11,"column":4},"end":{"line":11,"column":37}},"5":{"start":{"line":16,"column":4},"end":{"line":19,"column":7}},"6":{"start":{"line":6,"column":13},"end":{"line":6,"column":29}},"7":{"start":{"line":10,"column":2},"end":{"line":12,"column":null}},"8":{"start":{"line":15,"column":2},"end":{"line":20,"column":null}},"9":{"start":{"line":6,"column":13},"end":{"line":21,"column":null}}},"fnMap":{"0":{"name":"(anonymous_4)","decl":{"start":{"line":7,"column":2},"end":{"line":7,"column":31}},"loc":{"start":{"line":7,"column":59},"end":{"line":7,"column":63}}},"1":{"name":"(anonymous_5)","decl":{"start":{"line":10,"column":2},"end":{"line":10,"column":6}},"loc":{"start":{"line":10,"column":6},"end":{"line":12,"column":3}}},"2":{"name":"(anonymous_6)","decl":{"start":{"line":15,"column":2},"end":{"line":15,"column":15}},"loc":{"start":{"line":15,"column":37},"end":{"line":20,"column":3}}}},"branchMap":{},"s":{"0":3,"1":3,"2":3,"3":25,"4":0,"5":0,"6":3,"7":3,"8":3,"9":3},"f":{"0":25,"1":0,"2":0},"b":{}}
,"/Users/raulsm/htdocs/giin-dynamic-blocks-backend/src/mailer/mailer.module.ts": {"path":"/Users/raulsm/htdocs/giin-dynamic-blocks-backend/src/mailer/mailer.module.ts","statementMap":{"0":{"start":{"line":1,"column":0},"end":{"line":1,"column":40}},"1":{"start":{"line":2,"column":0},"end":{"line":2,"column":49}},"2":{"start":{"line":3,"column":0},"end":{"line":3,"column":46}},"3":{"start":{"line":4,"column":0},"end":{"line":4,"column":55}},"4":{"start":{"line":11,"column":7},"end":{"line":11,"column":null}},"5":{"start":{"line":11,"column":13},"end":{"line":11,"column":25}},"6":{"start":{"line":11,"column":13},"end":{"line":11,"column":null}}},"fnMap":{},"branchMap":{},"s":{"0":3,"1":3,"2":3,"3":3,"4":3,"5":3,"6":3},"f":{},"b":{}}
,"/Users/raulsm/htdocs/giin-dynamic-blocks-backend/src/mailer/mailer.service.ts": {"path":"/Users/raulsm/htdocs/giin-dynamic-blocks-backend/src/mailer/mailer.service.ts","statementMap":{"0":{"start":{"line":1,"column":0},"end":{"line":1,"column":44}},"1":{"start":{"line":2,"column":0},"end":{"line":2,"column":41}},"2":{"start":{"line":4,"column":0},"end":{"line":4,"column":47}},"3":{"start":{"line":9,"column":7},"end":{"line":96,"column":null}},"4":{"start":{"line":10,"column":31},"end":{"line":10,"column":46}},"5":{"start":{"line":13,"column":4},"end":{"line":27,"column":7}},"6":{"start":{"line":31,"column":48},"end":{"line":31,"column":51}},"7":{"start":{"line":33,"column":24},"end":{"line":33,"column":44}},"8":{"start":{"line":35,"column":34},"end":{"line":43,"column":6}},"9":{"start":{"line":44,"column":4},"end":{"line":49,"column":5}},"10":{"start":{"line":45,"column":36},"end":{"line":45,"column":71}},"11":{"start":{"line":46,"column":6},"end":{"line":46,"column":18}},"12":{"start":{"line":48,"column":6},"end":{"line":48,"column":55}},"13":{"start":{"line":53,"column":24},"end":{"line":53,"column":44}},"14":{"start":{"line":55,"column":34},"end":{"line":68,"column":6}},"15":{"start":{"line":69,"column":4},"end":{"line":74,"column":5}},"16":{"start":{"line":70,"column":36},"end":{"line":70,"column":71}},"17":{"start":{"line":71,"column":6},"end":{"line":71,"column":18}},"18":{"start":{"line":73,"column":6},"end":{"line":73,"column":55}},"19":{"start":{"line":78,"column":24},"end":{"line":78,"column":44}},"20":{"start":{"line":80,"column":34},"end":{"line":88,"column":6}},"21":{"start":{"line":89,"column":4},"end":{"line":94,"column":5}},"22":{"start":{"line":90,"column":36},"end":{"line":90,"column":71}},"23":{"start":{"line":91,"column":6},"end":{"line":91,"column":18}},"24":{"start":{"line":93,"column":6},"end":{"line":93,"column":55}},"25":{"start":{"line":9,"column":13},"end":{"line":9,"column":26}},"26":{"start":{"line":9,"column":13},"end":{"line":96,"column":null}}},"fnMap":{"0":{"name":"(anonymous_2)","decl":{"start":{"line":10,"column":2},"end":{"line":10,"column":31}},"loc":{"start":{"line":10,"column":59},"end":{"line":10,"column":63}}},"1":{"name":"(anonymous_3)","decl":{"start":{"line":12,"column":9},"end":{"line":12,"column":22}},"loc":{"start":{"line":12,"column":22},"end":{"line":28,"column":3}}},"2":{"name":"(anonymous_4)","decl":{"start":{"line":30,"column":2},"end":{"line":30,"column":7}},"loc":{"start":{"line":30,"column":34},"end":{"line":50,"column":3}}},"3":{"name":"(anonymous_5)","decl":{"start":{"line":52,"column":2},"end":{"line":52,"column":7}},"loc":{"start":{"line":52,"column":12},"end":{"line":75,"column":3}}},"4":{"name":"(anonymous_6)","decl":{"start":{"line":77,"column":2},"end":{"line":77,"column":7}},"loc":{"start":{"line":77,"column":33},"end":{"line":95,"column":3}}}},"branchMap":{"0":{"loc":{"start":{"line":36,"column":12},"end":{"line":39,"column":null}},"type":"binary-expr","locations":[{"start":{"line":36,"column":12},"end":{"line":36,"column":16}},{"start":{"line":36,"column":20},"end":{"line":39,"column":null}}]}},"s":{"0":4,"1":4,"2":4,"3":4,"4":51,"5":3,"6":3,"7":3,"8":3,"9":3,"10":3,"11":3,"12":0,"13":0,"14":0,"15":0,"16":0,"17":0,"18":0,"19":0,"20":0,"21":0,"22":0,"23":0,"24":0,"25":4,"26":4},"f":{"0":51,"1":3,"2":3,"3":0,"4":0},"b":{"0":[3,3]}}
,"/Users/raulsm/htdocs/giin-dynamic-blocks-backend/src/users/users.controller.ts": {"path":"/Users/raulsm/htdocs/giin-dynamic-blocks-backend/src/users/users.controller.ts","statementMap":{"0":{"start":{"line":1,"column":0},"end":{"line":1,"column":null}},"1":{"start":{"line":14,"column":0},"end":{"line":14,"column":47}},"2":{"start":{"line":15,"column":0},"end":{"line":15,"column":54}},"3":{"start":{"line":16,"column":0},"end":{"line":16,"column":61}},"4":{"start":{"line":17,"column":0},"end":{"line":17,"column":55}},"5":{"start":{"line":18,"column":0},"end":{"line":18,"column":71}},"6":{"start":{"line":22,"column":7},"end":{"line":65,"column":null}},"7":{"start":{"line":23,"column":31},"end":{"line":23,"column":45}},"8":{"start":{"line":27,"column":4},"end":{"line":27,"column":57}},"9":{"start":{"line":32,"column":4},"end":{"line":32,"column":39}},"10":{"start":{"line":37,"column":4},"end":{"line":37,"column":47}},"11":{"start":{"line":45,"column":4},"end":{"line":48,"column":7}},"12":{"start":{"line":60,"column":4},"end":{"line":60,"column":75}},"13":{"start":{"line":61,"column":4},"end":{"line":63,"column":6}},"14":{"start":{"line":22,"column":13},"end":{"line":22,"column":28}},"15":{"start":{"line":26,"column":8},"end":{"line":28,"column":null}},"16":{"start":{"line":31,"column":2},"end":{"line":33,"column":null}},"17":{"start":{"line":36,"column":8},"end":{"line":38,"column":null}},"18":{"start":{"line":44,"column":8},"end":{"line":49,"column":null}},"19":{"start":{"line":55,"column":15},"end":{"line":64,"column":null}},"20":{"start":{"line":22,"column":13},"end":{"line":65,"column":null}}},"fnMap":{"0":{"name":"(anonymous_4)","decl":{"start":{"line":23,"column":2},"end":{"line":23,"column":31}},"loc":{"start":{"line":23,"column":57},"end":{"line":23,"column":61}}},"1":{"name":"(anonymous_5)","decl":{"start":{"line":26,"column":2},"end":{"line":26,"column":7}},"loc":{"start":{"line":26,"column":51},"end":{"line":28,"column":3}}},"2":{"name":"(anonymous_6)","decl":{"start":{"line":31,"column":2},"end":{"line":31,"column":9}},"loc":{"start":{"line":31,"column":9},"end":{"line":33,"column":3}}},"3":{"name":"(anonymous_7)","decl":{"start":{"line":36,"column":2},"end":{"line":36,"column":7}},"loc":{"start":{"line":36,"column":39},"end":{"line":38,"column":3}}},"4":{"name":"(anonymous_8)","decl":{"start":{"line":44,"column":2},"end":{"line":44,"column":7}},"loc":{"start":{"line":44,"column":54},"end":{"line":49,"column":3}}},"5":{"name":"(anonymous_9)","decl":{"start":{"line":55,"column":9},"end":{"line":55,"column":14}},"loc":{"start":{"line":58,"column":44},"end":{"line":64,"column":3}}}},"branchMap":{},"s":{"0":4,"1":4,"2":4,"3":4,"4":4,"5":4,"6":4,"7":30,"8":4,"9":1,"10":1,"11":1,"12":1,"13":1,"14":4,"15":4,"16":4,"17":4,"18":4,"19":4,"20":4},"f":{"0":30,"1":4,"2":1,"3":1,"4":1,"5":1},"b":{}}
,"/Users/raulsm/htdocs/giin-dynamic-blocks-backend/src/users/users.module.ts": {"path":"/Users/raulsm/htdocs/giin-dynamic-blocks-backend/src/users/users.module.ts","statementMap":{"0":{"start":{"line":1,"column":0},"end":{"line":1,"column":40}},"1":{"start":{"line":2,"column":0},"end":{"line":2,"column":47}},"2":{"start":{"line":3,"column":0},"end":{"line":3,"column":53}},"3":{"start":{"line":4,"column":0},"end":{"line":4,"column":60}},"4":{"start":{"line":10,"column":7},"end":{"line":10,"column":null}},"5":{"start":{"line":10,"column":13},"end":{"line":10,"column":24}},"6":{"start":{"line":10,"column":13},"end":{"line":10,"column":null}}},"fnMap":{},"branchMap":{},"s":{"0":3,"1":3,"2":3,"3":3,"4":3,"5":3,"6":3},"f":{},"b":{}}
,"/Users/raulsm/htdocs/giin-dynamic-blocks-backend/src/users/users.service.ts": {"path":"/Users/raulsm/htdocs/giin-dynamic-blocks-backend/src/users/users.service.ts","statementMap":{"0":{"start":{"line":1,"column":0},"end":{"line":1,"column":null}},"1":{"start":{"line":8,"column":0},"end":{"line":8,"column":60}},"2":{"start":{"line":9,"column":0},"end":{"line":9,"column":39}},"3":{"start":{"line":18,"column":7},"end":{"line":223,"column":null}},"4":{"start":{"line":23,"column":22},"end":{"line":23,"column":30}},"5":{"start":{"line":32,"column":27},"end":{"line":34,"column":6}},"6":{"start":{"line":36,"column":4},"end":{"line":38,"column":5}},"7":{"start":{"line":37,"column":6},"end":{"line":37,"column":74}},"8":{"start":{"line":39,"column":20},"end":{"line":45,"column":6}},"9":{"start":{"line":48,"column":43},"end":{"line":48,"column":50}},"10":{"start":{"line":50,"column":4},"end":{"line":58,"column":7}},"11":{"start":{"line":60,"column":4},"end":{"line":60,"column":16}},"12":{"start":{"line":68,"column":4},"end":{"line":68,"column":39}},"13":{"start":{"line":77,"column":17},"end":{"line":81,"column":6}},"14":{"start":{"line":83,"column":4},"end":{"line":85,"column":5}},"15":{"start":{"line":84,"column":6},"end":{"line":84,"column":70}},"16":{"start":{"line":88,"column":37},"end":{"line":88,"column":41}},"17":{"start":{"line":89,"column":4},"end":{"line":89,"column":16}},"18":{"start":{"line":99,"column":17},"end":{"line":103,"column":6}},"19":{"start":{"line":105,"column":4},"end":{"line":107,"column":5}},"20":{"start":{"line":106,"column":6},"end":{"line":106,"column":70}},"21":{"start":{"line":110,"column":21},"end":{"line":117,"column":6}},"22":{"start":{"line":119,"column":4},"end":{"line":124,"column":5}},"23":{"start":{"line":120,"column":6},"end":{"line":123,"column":8}},"24":{"start":{"line":126,"column":24},"end":{"line":138,"column":6}},"25":{"start":{"line":140,"column":4},"end":{"line":148,"column":7}},"26":{"start":{"line":150,"column":4},"end":{"line":150,"column":23}},"27":{"start":{"line":160,"column":23},"end":{"line":162,"column":6}},"28":{"start":{"line":164,"column":4},"end":{"line":166,"column":5}},"29":{"start":{"line":165,"column":6},"end":{"line":165,"column":70}},"30":{"start":{"line":169,"column":21},"end":{"line":169,"column":59}},"31":{"start":{"line":171,"column":4},"end":{"line":173,"column":5}},"32":{"start":{"line":172,"column":6},"end":{"line":172,"column":61}},"33":{"start":{"line":176,"column":37},"end":{"line":176,"column":41}},"34":{"start":{"line":177,"column":4},"end":{"line":177,"column":16}},"35":{"start":{"line":181,"column":4},"end":{"line":185,"column":7}},"36":{"start":{"line":194,"column":4},"end":{"line":194,"column":41}},"37":{"start":{"line":207,"column":17},"end":{"line":209,"column":6}},"38":{"start":{"line":210,"column":4},"end":{"line":212,"column":5}},"39":{"start":{"line":211,"column":6},"end":{"line":211,"column":70}},"40":{"start":{"line":214,"column":21},"end":{"line":214,"column":71}},"41":{"start":{"line":215,"column":4},"end":{"line":217,"column":5}},"42":{"start":{"line":216,"column":6},"end":{"line":216,"column":78}},"43":{"start":{"line":218,"column":4},"end":{"line":221,"column":7}},"44":{"start":{"line":18,"column":13},"end":{"line":18,"column":25}},"45":{"start":{"line":18,"column":13},"end":{"line":223,"column":null}}},"fnMap":{"0":{"name":"(anonymous_2)","decl":{"start":{"line":23,"column":2},"end":{"line":23,"column":22}},"loc":{"start":{"line":23,"column":43},"end":{"line":23,"column":47}}},"1":{"name":"(anonymous_3)","decl":{"start":{"line":30,"column":2},"end":{"line":30,"column":7}},"loc":{"start":{"line":30,"column":43},"end":{"line":61,"column":3}}},"2":{"name":"(anonymous_4)","decl":{"start":{"line":67,"column":2},"end":{"line":67,"column":7}},"loc":{"start":{"line":67,"column":15},"end":{"line":69,"column":3}}},"3":{"name":"(anonymous_5)","decl":{"start":{"line":76,"column":2},"end":{"line":76,"column":7}},"loc":{"start":{"line":76,"column":26},"end":{"line":90,"column":3}}},"4":{"name":"(anonymous_6)","decl":{"start":{"line":98,"column":2},"end":{"line":98,"column":7}},"loc":{"start":{"line":98,"column":29},"end":{"line":151,"column":3}}},"5":{"name":"(anonymous_7)","decl":{"start":{"line":159,"column":2},"end":{"line":159,"column":7}},"loc":{"start":{"line":159,"column":53},"end":{"line":178,"column":3}}},"6":{"name":"(anonymous_8)","decl":{"start":{"line":180,"column":2},"end":{"line":180,"column":7}},"loc":{"start":{"line":180,"column":33},"end":{"line":186,"column":3}}},"7":{"name":"(anonymous_9)","decl":{"start":{"line":193,"column":2},"end":{"line":193,"column":7}},"loc":{"start":{"line":193,"column":43},"end":{"line":195,"column":3}}},"8":{"name":"(anonymous_10)","decl":{"start":{"line":203,"column":2},"end":{"line":203,"column":7}},"loc":{"start":{"line":205,"column":14},"end":{"line":222,"column":3}}}},"branchMap":{"0":{"loc":{"start":{"line":36,"column":4},"end":{"line":38,"column":5}},"type":"if","locations":[{"start":{"line":36,"column":4},"end":{"line":38,"column":5}}]},"1":{"loc":{"start":{"line":83,"column":4},"end":{"line":85,"column":5}},"type":"if","locations":[{"start":{"line":83,"column":4},"end":{"line":85,"column":5}}]},"2":{"loc":{"start":{"line":105,"column":4},"end":{"line":107,"column":5}},"type":"if","locations":[{"start":{"line":105,"column":4},"end":{"line":107,"column":5}}]},"3":{"loc":{"start":{"line":119,"column":4},"end":{"line":124,"column":5}},"type":"if","locations":[{"start":{"line":119,"column":4},"end":{"line":124,"column":5}}]},"4":{"loc":{"start":{"line":119,"column":8},"end":{"line":119,"column":48}},"type":"binary-expr","locations":[{"start":{"line":119,"column":8},"end":{"line":119,"column":26}},{"start":{"line":119,"column":30},"end":{"line":119,"column":48}}]},"5":{"loc":{"start":{"line":164,"column":4},"end":{"line":166,"column":5}},"type":"if","locations":[{"start":{"line":164,"column":4},"end":{"line":166,"column":5}}]},"6":{"loc":{"start":{"line":171,"column":4},"end":{"line":173,"column":5}},"type":"if","locations":[{"start":{"line":171,"column":4},"end":{"line":173,"column":5}}]},"7":{"loc":{"start":{"line":210,"column":4},"end":{"line":212,"column":5}},"type":"if","locations":[{"start":{"line":210,"column":4},"end":{"line":212,"column":5}}]},"8":{"loc":{"start":{"line":215,"column":4},"end":{"line":217,"column":5}},"type":"if","locations":[{"start":{"line":215,"column":4},"end":{"line":217,"column":5}}]}},"s":{"0":7,"1":7,"2":7,"3":7,"4":124,"5":67,"6":67,"7":4,"8":63,"9":63,"10":63,"11":63,"12":2,"13":3,"14":3,"15":1,"16":2,"17":2,"18":63,"19":63,"20":1,"21":62,"22":62,"23":1,"24":61,"25":61,"26":61,"27":6,"28":6,"29":2,"30":4,"31":4,"32":1,"33":3,"34":3,"35":38,"36":10,"37":4,"38":4,"39":1,"40":3,"41":3,"42":1,"43":2,"44":7,"45":7},"f":{"0":124,"1":67,"2":2,"3":3,"4":63,"5":6,"6":38,"7":10,"8":4},"b":{"0":[4],"1":[1],"2":[1],"3":[1],"4":[62,2],"5":[2],"6":[1],"7":[1],"8":[1]}}
,"/Users/raulsm/htdocs/giin-dynamic-blocks-backend/src/users/dto/create-user.dto.ts": {"path":"/Users/raulsm/htdocs/giin-dynamic-blocks-backend/src/users/dto/create-user.dto.ts","statementMap":{"0":{"start":{"line":1,"column":0},"end":{"line":1,"column":null}},"1":{"start":{"line":8,"column":0},"end":{"line":8,"column":46}},"2":{"start":{"line":10,"column":0},"end":{"line":10,"column":13}},"3":{"start":{"line":14,"column":2},"end":{"line":14,"column":null}},"4":{"start":{"line":18,"column":2},"end":{"line":18,"column":null}},"5":{"start":{"line":23,"column":2},"end":{"line":23,"column":null}},"6":{"start":{"line":28,"column":2},"end":{"line":28,"column":null}}},"fnMap":{},"branchMap":{},"s":{"0":4,"1":4,"2":4,"3":4,"4":4,"5":4,"6":4},"f":{},"b":{}}
,"/Users/raulsm/htdocs/giin-dynamic-blocks-backend/src/users/dto/login-user.dto.ts": {"path":"/Users/raulsm/htdocs/giin-dynamic-blocks-backend/src/users/dto/login-user.dto.ts","statementMap":{"0":{"start":{"line":1,"column":0},"end":{"line":1,"column":65}},"1":{"start":{"line":2,"column":0},"end":{"line":2,"column":59}},"2":{"start":{"line":3,"column":0},"end":{"line":3,"column":50}},"3":{"start":{"line":5,"column":0},"end":{"line":5,"column":13}},"4":{"start":{"line":9,"column":2},"end":{"line":9,"column":null}},"5":{"start":{"line":14,"column":2},"end":{"line":14,"column":null}}},"fnMap":{},"branchMap":{},"s":{"0":1,"1":1,"2":1,"3":1,"4":1,"5":1},"f":{},"b":{}}
,"/Users/raulsm/htdocs/giin-dynamic-blocks-backend/src/users/dto/send-new-password.dto.ts": {"path":"/Users/raulsm/htdocs/giin-dynamic-blocks-backend/src/users/dto/send-new-password.dto.ts","statementMap":{"0":{"start":{"line":1,"column":0},"end":{"line":1,"column":54}},"1":{"start":{"line":2,"column":0},"end":{"line":2,"column":46}},"2":{"start":{"line":4,"column":0},"end":{"line":4,"column":13}},"3":{"start":{"line":8,"column":2},"end":{"line":8,"column":null}}},"fnMap":{},"branchMap":{},"s":{"0":1,"1":1,"2":1,"3":1},"f":{},"b":{}}
,"/Users/raulsm/htdocs/giin-dynamic-blocks-backend/src/users/dto/set-new-password.dto.ts": {"path":"/Users/raulsm/htdocs/giin-dynamic-blocks-backend/src/users/dto/set-new-password.dto.ts","statementMap":{"0":{"start":{"line":1,"column":0},"end":{"line":1,"column":75}},"1":{"start":{"line":2,"column":0},"end":{"line":2,"column":46}},"2":{"start":{"line":4,"column":0},"end":{"line":4,"column":13}},"3":{"start":{"line":8,"column":2},"end":{"line":8,"column":null}},"4":{"start":{"line":14,"column":2},"end":{"line":14,"column":null}},"5":{"start":{"line":19,"column":2},"end":{"line":19,"column":null}}},"fnMap":{},"branchMap":{},"s":{"0":1,"1":1,"2":1,"3":1,"4":1,"5":1},"f":{},"b":{}}
,"/Users/raulsm/htdocs/giin-dynamic-blocks-backend/src/users/dto/update-password-user.dto.ts": {"path":"/Users/raulsm/htdocs/giin-dynamic-blocks-backend/src/users/dto/update-password-user.dto.ts","statementMap":{"0":{"start":{"line":1,"column":0},"end":{"line":1,"column":56}},"1":{"start":{"line":2,"column":0},"end":{"line":2,"column":46}},"2":{"start":{"line":4,"column":0},"end":{"line":4,"column":13}},"3":{"start":{"line":8,"column":2},"end":{"line":8,"column":null}},"4":{"start":{"line":13,"column":2},"end":{"line":13,"column":null}}},"fnMap":{},"branchMap":{},"s":{"0":4,"1":4,"2":4,"3":4,"4":4},"f":{},"b":{}}
}
