TN:
SF:src/app.controller.ts
FN:6,(anonymous_2)
FN:9,(anonymous_3)
FNF:2
FNH:2
FNDA:1,(anonymous_2)
FNDA:1,(anonymous_3)
DA:1,1
DA:2,1
DA:5,1
DA:6,1
DA:9,1
DA:10,1
LF:6
LH:6
BRF:0
BRH:0
end_of_record
TN:
SF:src/app.service.ts
FNF:0
FNH:0
DA:1,1
DA:4,1
LF:2
LH:2
BRF:0
BRH:0
end_of_record
TN:
SF:src/auth/auth.controller.ts
FN:30,(anonymous_4)
FN:34,(anonymous_5)
FN:52,(anonymous_6)
FN:67,(anonymous_7)
FN:82,(anonymous_8)
FN:101,(anonymous_9)
FNF:6
FNH:6
FNDA:11,(anonymous_4)
FNDA:7,(anonymous_5)
FNDA:2,(anonymous_6)
FNDA:2,(anonymous_7)
FNDA:2,(anonymous_8)
FNDA:3,(anonymous_9)
DA:1,1
DA:14,1
DA:15,1
DA:16,1
DA:18,1
DA:19,1
DA:24,1
DA:25,1
DA:29,1
DA:30,11
DA:34,1
DA:38,7
DA:39,7
DA:40,1
DA:45,6
DA:52,1
DA:53,2
DA:54,2
DA:55,1
DA:60,1
DA:67,1
DA:68,2
DA:69,2
DA:70,1
DA:75,1
DA:82,1
DA:86,2
DA:88,2
DA:89,1
DA:94,1
DA:101,1
DA:105,3
DA:106,3
DA:107,2
DA:112,1
LF:35
LH:35
BRDA:39,0,0,1
BRDA:42,1,0,1
BRDA:42,1,1,1
BRDA:54,2,0,1
BRDA:57,3,0,1
BRDA:57,3,1,0
BRDA:69,4,0,1
BRDA:72,5,0,1
BRDA:72,5,1,1
BRDA:88,6,0,1
BRDA:91,7,0,1
BRDA:91,7,1,1
BRDA:106,8,0,2
BRDA:109,9,0,2
BRDA:109,9,1,2
BRF:15
BRH:14
end_of_record
TN:
SF:src/auth/auth.service.ts
FN:25,(anonymous_2)
FN:38,(anonymous_3)
FN:60,(anonymous_4)
FN:113,(anonymous_5)
FN:137,(anonymous_6)
FN:197,(anonymous_7)
FN:260,(anonymous_8)
FN:284,(anonymous_9)
FN:292,(anonymous_10)
FNF:9
FNH:9
FNDA:25,(anonymous_2)
FNDA:12,(anonymous_3)
FNDA:3,(anonymous_4)
FNDA:4,(anonymous_5)
FNDA:5,(anonymous_6)
FNDA:6,(anonymous_7)
FNDA:4,(anonymous_8)
FNDA:4,(anonymous_9)
FNDA:3,(anonymous_10)
DA:1,3
DA:2,3
DA:3,3
DA:13,3
DA:14,3
DA:16,3
DA:20,3
DA:21,3
DA:24,3
DA:26,25
DA:27,25
DA:28,25
DA:29,25
DA:30,25
DA:39,12
DA:44,12
DA:45,12
DA:47,3
DA:52,12
DA:61,3
DA:73,3
DA:75,3
DA:77,2
DA:87,2
DA:91,2
DA:96,2
DA:98,1
DA:105,3
DA:114,4
DA:119,4
DA:120,4
DA:129,2
DA:134,4
DA:140,5
DA:145,5
DA:147,5
DA:148,4
DA:149,1
DA:153,3
DA:157,3
DA:158,3
DA:159,0
DA:162,3
DA:165,3
DA:172,3
DA:178,3
DA:185,3
DA:187,3
DA:189,2
DA:194,2
DA:200,6
DA:205,6
DA:207,6
DA:210,6
DA:211,2
DA:215,4
DA:221,3
DA:222,1
DA:229,2
DA:238,2
DA:244,2
DA:246,4
DA:251,4
DA:264,4
DA:265,0
DA:267,4
DA:268,4
DA:273,4
DA:285,4
DA:286,4
DA:287,2
DA:289,2
DA:293,3
DA:294,3
DA:295,3
LF:75
LH:73
BRDA:148,0,0,1
BRDA:158,1,0,0
BRDA:158,1,1,3
BRDA:210,2,0,2
BRDA:221,3,0,1
BRDA:262,4,0,0
BRDA:264,5,0,0
BRDA:286,6,0,2
BRF:8
BRH:5
end_of_record
TN:
SF:src/auth/jwt.strategy.ts
FN:14,(anonymous_2)
FN:27,(anonymous_3)
FNF:2
FNH:2
FNDA:14,(anonymous_2)
FNDA:2,(anonymous_3)
DA:1,2
DA:2,2
DA:3,2
DA:4,2
DA:9,2
DA:14,14
DA:15,14
DA:28,2
DA:29,1
DA:30,0
DA:32,1
LF:11
LH:10
BRDA:29,0,0,0
BRF:1
BRH:0
end_of_record
TN:
SF:src/auth/guards/jwt-auth.guard.ts
FNF:0
FNH:0
DA:1,6
DA:2,6
DA:5,6
LF:3
LH:3
BRF:0
BRH:0
end_of_record
TN:
SF:src/forms/forms.controller.ts
FN:27,(anonymous_4)
FN:33,(anonymous_5)
FN:44,(anonymous_6)
FN:50,(anonymous_7)
FN:58,(anonymous_8)
FN:66,(anonymous_9)
FN:77,(anonymous_10)
FN:89,(anonymous_11)
FN:110,(anonymous_12)
FN:126,(anonymous_13)
FNF:10
FNH:10
FNDA:9,(anonymous_4)
FNDA:8,(anonymous_5)
FNDA:1,(anonymous_6)
FNDA:1,(anonymous_7)
FNDA:1,(anonymous_8)
FNDA:9,(anonymous_9)
FNDA:1,(anonymous_10)
FNDA:1,(anonymous_11)
FNDA:3,(anonymous_12)
FNDA:1,(anonymous_13)
DA:1,1
DA:14,1
DA:15,1
DA:16,1
DA:17,1
DA:18,1
DA:21,1
DA:22,1
DA:26,1
DA:27,9
DA:33,1
DA:34,8
DA:44,1
DA:45,1
DA:50,1
DA:51,1
DA:58,1
DA:59,1
DA:66,1
DA:67,9
DA:77,1
DA:78,1
DA:89,1
DA:94,1
DA:95,1
DA:99,0
DA:100,0
DA:102,1
DA:110,1
DA:115,3
DA:126,1
DA:131,1
LF:32
LH:30
BRF:0
BRH:0
end_of_record
TN:
SF:src/forms/forms.service.ts
FN:23,(anonymous_2)
FN:25,(anonymous_3)
FN:51,(anonymous_4)
FN:64,(anonymous_5)
FN:74,(anonymous_6)
FN:78,(anonymous_7)
FN:141,(anonymous_8)
FN:256,(anonymous_9)
FN:280,(anonymous_10)
FN:336,(anonymous_11)
FN:397,(anonymous_12)
FN:415,(anonymous_13)
FN:421,(anonymous_14)
FN:432,(anonymous_15)
FN:487,(anonymous_16)
FN:494,(anonymous_17)
FN:496,(anonymous_18)
FN:506,(anonymous_19)
FN:524,(anonymous_20)
FN:614,(anonymous_21)
FN:678,(anonymous_22)
FNF:21
FNH:20
FNDA:38,(anonymous_2)
FNDA:48,(anonymous_3)
FNDA:25,(anonymous_4)
FNDA:5,(anonymous_5)
FNDA:4,(anonymous_6)
FNDA:4,(anonymous_7)
FNDA:3,(anonymous_8)
FNDA:3,(anonymous_9)
FNDA:31,(anonymous_10)
FNDA:4,(anonymous_11)
FNDA:28,(anonymous_12)
FNDA:2,(anonymous_13)
FNDA:32,(anonymous_14)
FNDA:5,(anonymous_15)
FNDA:2,(anonymous_16)
FNDA:1,(anonymous_17)
FNDA:2,(anonymous_18)
FNDA:0,(anonymous_19)
FNDA:10,(anonymous_20)
FNDA:6,(anonymous_21)
FNDA:88,(anonymous_22)
DA:1,2
DA:3,2
DA:4,2
DA:5,2
DA:11,2
DA:12,2
DA:14,2
DA:18,2
DA:23,38
DA:26,48
DA:27,48
DA:28,1
DA:31,47
DA:38,47
DA:39,4
DA:42,43
DA:44,5
DA:52,25
DA:53,25
DA:54,25
DA:56,25
DA:57,25
DA:64,25
DA:65,5
DA:66,5
DA:68,5
DA:69,3
DA:72,5
DA:73,2
DA:75,4
DA:76,4
DA:78,4
DA:79,2
DA:84,3
DA:87,25
DA:93,25
DA:128,25
DA:138,25
DA:143,3
DA:144,1
DA:198,2
DA:257,3
DA:273,3
DA:274,1
DA:277,2
DA:281,31
DA:282,31
DA:283,2
DA:286,29
DA:288,28
DA:289,0
DA:296,28
DA:297,1
DA:303,27
DA:317,27
DA:327,27
DA:329,4
DA:337,4
DA:338,4
DA:339,0
DA:342,4
DA:349,4
DA:350,2
DA:357,2
DA:358,0
DA:364,2
DA:378,2
DA:388,2
DA:390,2
DA:401,28
DA:403,28
DA:412,28
DA:418,2
DA:422,32
DA:429,32
DA:433,5
DA:434,5
DA:435,2
DA:438,3
DA:445,3
DA:446,1
DA:449,2
DA:452,2
DA:459,2
DA:460,1
DA:467,1
DA:473,1
DA:483,1
DA:484,1
DA:487,1
DA:488,2
DA:494,1
DA:495,1
DA:496,1
DA:497,2
DA:503,0
DA:504,2
DA:505,0
DA:506,0
DA:509,2
DA:512,1
DA:515,1
DA:517,4
DA:529,10
DA:531,10
DA:534,9
DA:538,9
DA:539,1
DA:543,8
DA:550,8
DA:552,4
DA:561,4
DA:574,4
DA:580,4
DA:588,4
DA:601,4
DA:607,2
DA:619,6
DA:621,6
DA:624,5
DA:628,5
DA:629,1
DA:633,4
DA:640,4
DA:641,1
DA:647,3
DA:653,3
DA:666,2
DA:671,4
DA:679,88
LF:130
LH:124
BRDA:27,0,0,1
BRDA:38,1,0,4
BRDA:46,2,0,5
BRDA:46,2,1,0
BRDA:68,3,0,3
BRDA:72,4,0,2
BRDA:143,5,0,1
BRDA:273,6,0,1
BRDA:282,7,0,2
BRDA:288,8,0,0
BRDA:296,9,0,1
BRDA:331,10,0,4
BRDA:331,10,1,0
BRDA:338,11,0,0
BRDA:349,12,0,2
BRDA:357,13,0,0
BRDA:392,14,0,2
BRDA:392,14,1,0
BRDA:412,15,0,28
BRDA:412,15,1,24
BRDA:434,16,0,2
BRDA:445,17,0,1
BRDA:459,18,0,1
BRDA:459,19,0,2
BRDA:459,19,1,2
BRDA:497,20,0,0
BRDA:497,20,1,2
BRDA:498,21,0,2
BRDA:498,21,1,0
BRDA:503,22,0,0
BRDA:503,22,1,0
BRDA:504,23,0,0
BRDA:504,23,1,2
BRDA:519,24,0,4
BRDA:519,24,1,0
BRDA:538,25,0,1
BRDA:550,26,0,4
BRDA:550,26,1,4
BRDA:609,27,0,2
BRDA:609,27,1,0
BRDA:628,28,0,1
BRDA:640,29,0,1
BRDA:673,30,0,4
BRDA:673,30,1,1
BRDA:679,31,0,88
BRDA:679,31,1,83
BRF:46
BRH:33
end_of_record
TN:
SF:src/forms-submissions/forms-submissions.controller.ts
FN:9,(anonymous_4)
FN:14,(anonymous_5)
FNF:2
FNH:1
FNDA:1,(anonymous_4)
FNDA:0,(anonymous_5)
DA:1,1
DA:2,1
DA:3,1
DA:4,1
DA:8,1
DA:10,1
DA:14,1
DA:15,0
LF:8
LH:7
BRF:0
BRH:0
end_of_record
TN:
SF:src/forms-submissions/forms-submissions.service.ts
FN:13,(anonymous_2)
FN:15,(anonymous_3)
FN:35,(anonymous_4)
FNF:3
FNH:3
FNDA:31,(anonymous_2)
FNDA:1,(anonymous_3)
FNDA:2,(anonymous_4)
DA:1,3
DA:3,3
DA:4,3
DA:8,3
DA:13,31
DA:16,1
DA:19,1
DA:29,1
DA:30,0
DA:33,1
DA:35,1
DA:36,2
DA:37,2
DA:38,1
DA:40,2
DA:41,0
DA:43,2
DA:46,1
LF:18
LH:16
BRDA:29,0,0,0
BRDA:37,1,0,1
BRDA:37,2,0,2
BRDA:37,2,1,2
BRDA:40,3,0,0
BRDA:40,4,0,2
BRDA:40,4,1,2
BRF:7
BRH:5
end_of_record
TN:
SF:src/forms-submissions/dto/create-forms-submission.dto.ts
FNF:0
FNH:0
DA:2,1
DA:3,1
DA:5,1
DA:9,1
DA:13,1
LF:5
LH:5
BRF:0
BRH:0
end_of_record
TN:
SF:src/forms/dto/add-permission.dto.ts
FNF:0
FNH:0
DA:1,1
DA:3,1
DA:6,1
DA:10,1
LF:4
LH:4
BRF:0
BRH:0
end_of_record
TN:
SF:src/forms/dto/create-form-request.dto.ts
FNF:0
FNH:0
DA:1,1
DA:2,1
DA:5,1
DA:9,1
DA:14,1
DA:18,1
DA:22,1
LF:7
LH:7
BRF:0
BRH:0
end_of_record
TN:
SF:src/forms/dto/remove-permission.dto.ts
FNF:0
FNH:0
DA:1,1
DA:3,1
DA:6,1
LF:3
LH:3
BRF:0
BRH:0
end_of_record
TN:
SF:src/forms/enums/question-type-enum.ts
FN:1,(anonymous_0)
FNF:1
FNH:1
FNDA:2,(anonymous_0)
DA:1,2
DA:2,2
DA:3,2
DA:4,2
DA:5,2
DA:6,2
DA:7,2
DA:8,2
DA:9,2
DA:10,2
DA:13,2
LF:11
LH:11
BRDA:1,0,0,2
BRDA:1,0,1,2
BRF:2
BRH:2
end_of_record
TN:
SF:src/mailer/mailer.controller.ts
FN:7,(anonymous_4)
FN:10,(anonymous_5)
FN:15,(anonymous_6)
FNF:3
FNH:1
FNDA:25,(anonymous_4)
FNDA:0,(anonymous_5)
FNDA:0,(anonymous_6)
DA:1,3
DA:2,3
DA:6,3
DA:7,25
DA:10,3
DA:11,0
DA:15,3
DA:16,0
LF:8
LH:6
BRF:0
BRH:0
end_of_record
TN:
SF:src/mailer/mailer.module.ts
FNF:0
FNH:0
DA:1,3
DA:2,3
DA:3,3
DA:4,3
DA:11,3
LF:5
LH:5
BRF:0
BRH:0
end_of_record
TN:
SF:src/mailer/mailer.service.ts
FN:10,(anonymous_2)
FN:12,(anonymous_3)
FN:30,(anonymous_4)
FN:52,(anonymous_5)
FN:77,(anonymous_6)
FNF:5
FNH:3
FNDA:51,(anonymous_2)
FNDA:3,(anonymous_3)
FNDA:3,(anonymous_4)
FNDA:0,(anonymous_5)
FNDA:0,(anonymous_6)
DA:1,4
DA:2,4
DA:4,4
DA:9,4
DA:10,51
DA:13,3
DA:31,3
DA:33,3
DA:35,3
DA:44,3
DA:45,3
DA:46,3
DA:48,0
DA:53,0
DA:55,0
DA:69,0
DA:70,0
DA:71,0
DA:73,0
DA:78,0
DA:80,0
DA:89,0
DA:90,0
DA:91,0
DA:93,0
LF:25
LH:12
BRDA:36,0,0,3
BRDA:36,0,1,3
BRF:2
BRH:2
end_of_record
TN:
SF:src/users/users.controller.ts
FN:23,(anonymous_4)
FN:26,(anonymous_5)
FN:31,(anonymous_6)
FN:36,(anonymous_7)
FN:44,(anonymous_8)
FN:55,(anonymous_9)
FNF:6
FNH:6
FNDA:30,(anonymous_4)
FNDA:4,(anonymous_5)
FNDA:1,(anonymous_6)
FNDA:1,(anonymous_7)
FNDA:1,(anonymous_8)
FNDA:1,(anonymous_9)
DA:1,4
DA:14,4
DA:15,4
DA:16,4
DA:17,4
DA:18,4
DA:22,4
DA:23,30
DA:26,4
DA:27,4
DA:31,4
DA:32,1
DA:36,4
DA:37,1
DA:44,4
DA:45,1
DA:55,4
DA:60,1
DA:61,1
LF:19
LH:19
BRF:0
BRH:0
end_of_record
TN:
SF:src/users/users.module.ts
FNF:0
FNH:0
DA:1,3
DA:2,3
DA:3,3
DA:4,3
DA:10,3
LF:5
LH:5
BRF:0
BRH:0
end_of_record
TN:
SF:src/users/users.service.ts
FN:23,(anonymous_2)
FN:30,(anonymous_3)
FN:67,(anonymous_4)
FN:76,(anonymous_5)
FN:98,(anonymous_6)
FN:159,(anonymous_7)
FN:180,(anonymous_8)
FN:193,(anonymous_9)
FN:203,(anonymous_10)
FNF:9
FNH:9
FNDA:124,(anonymous_2)
FNDA:67,(anonymous_3)
FNDA:2,(anonymous_4)
FNDA:3,(anonymous_5)
FNDA:63,(anonymous_6)
FNDA:6,(anonymous_7)
FNDA:38,(anonymous_8)
FNDA:10,(anonymous_9)
FNDA:4,(anonymous_10)
DA:1,7
DA:8,7
DA:9,7
DA:18,7
DA:23,124
DA:32,67
DA:36,67
DA:37,4
DA:39,63
DA:48,63
DA:50,63
DA:60,63
DA:68,2
DA:77,3
DA:83,3
DA:84,1
DA:88,2
DA:89,2
DA:99,63
DA:105,63
DA:106,1
DA:110,62
DA:119,62
DA:120,1
DA:126,61
DA:140,61
DA:150,61
DA:160,6
DA:164,6
DA:165,2
DA:169,4
DA:171,4
DA:172,1
DA:176,3
DA:177,3
DA:181,38
DA:194,10
DA:207,4
DA:210,4
DA:211,1
DA:214,3
DA:215,3
DA:216,1
DA:218,2
LF:44
LH:44
BRDA:36,0,0,4
BRDA:83,1,0,1
BRDA:105,2,0,1
BRDA:119,3,0,1
BRDA:119,4,0,62
BRDA:119,4,1,2
BRDA:164,5,0,2
BRDA:171,6,0,1
BRDA:210,7,0,1
BRDA:215,8,0,1
BRF:10
BRH:10
end_of_record
TN:
SF:src/users/dto/create-user.dto.ts
FNF:0
FNH:0
DA:1,4
DA:8,4
DA:10,4
DA:14,4
DA:18,4
DA:23,4
DA:28,4
LF:7
LH:7
BRF:0
BRH:0
end_of_record
TN:
SF:src/users/dto/login-user.dto.ts
FNF:0
FNH:0
DA:1,1
DA:2,1
DA:3,1
DA:5,1
DA:9,1
DA:14,1
LF:6
LH:6
BRF:0
BRH:0
end_of_record
TN:
SF:src/users/dto/send-new-password.dto.ts
FNF:0
FNH:0
DA:1,1
DA:2,1
DA:4,1
DA:8,1
LF:4
LH:4
BRF:0
BRH:0
end_of_record
TN:
SF:src/users/dto/set-new-password.dto.ts
FNF:0
FNH:0
DA:1,1
DA:2,1
DA:4,1
DA:8,1
DA:14,1
DA:19,1
LF:6
LH:6
BRF:0
BRH:0
end_of_record
TN:
SF:src/users/dto/update-password-user.dto.ts
FNF:0
FNH:0
DA:1,4
DA:2,4
DA:4,4
DA:8,4
DA:13,4
LF:5
LH:5
BRF:0
BRH:0
end_of_record
