TN:
SF:src/app.controller.ts
FN:6,(anonymous_2)
FN:9,(anonymous_3)
FNF:2
FNH:2
FNDA:1,(anonymous_2)
FNDA:1,(anonymous_3)
DA:1,1
DA:2,1
DA:5,1
DA:6,1
DA:9,1
DA:10,1
LF:6
LH:6
BRF:0
BRH:0
end_of_record
TN:
SF:src/app.service.ts
FNF:0
FNH:0
DA:1,1
DA:4,1
LF:2
LH:2
BRF:0
BRH:0
end_of_record
TN:
SF:src/auth/auth.controller.ts
FN:30,(anonymous_4)
FN:34,(anonymous_5)
FN:52,(anonymous_6)
FN:67,(anonymous_7)
FN:82,(anonymous_8)
FN:101,(anonymous_9)
FNF:6
FNH:6
FNDA:11,(anonymous_4)
FNDA:7,(anonymous_5)
FNDA:2,(anonymous_6)
FNDA:2,(anonymous_7)
FNDA:2,(anonymous_8)
FNDA:3,(anonymous_9)
DA:1,1
DA:14,1
DA:15,1
DA:16,1
DA:18,1
DA:19,1
DA:24,1
DA:25,1
DA:29,1
DA:30,11
DA:34,1
DA:38,7
DA:39,7
DA:40,1
DA:45,6
DA:52,1
DA:53,2
DA:54,2
DA:55,1
DA:60,1
DA:67,1
DA:68,2
DA:69,2
DA:70,1
DA:75,1
DA:82,1
DA:86,2
DA:88,2
DA:89,1
DA:94,1
DA:101,1
DA:105,3
DA:106,3
DA:107,2
DA:112,1
LF:35
LH:35
BRDA:39,0,0,1
BRDA:42,1,0,1
BRDA:42,1,1,1
BRDA:54,2,0,1
BRDA:57,3,0,1
BRDA:57,3,1,0
BRDA:69,4,0,1
BRDA:72,5,0,1
BRDA:72,5,1,1
BRDA:88,6,0,1
BRDA:91,7,0,1
BRDA:91,7,1,1
BRDA:106,8,0,2
BRDA:109,9,0,2
BRDA:109,9,1,2
BRF:15
BRH:14
end_of_record
TN:
SF:src/auth/auth.service.ts
FN:25,(anonymous_2)
FN:38,(anonymous_3)
FN:60,(anonymous_4)
FN:112,(anonymous_5)
FN:136,(anonymous_6)
FN:191,(anonymous_7)
FN:254,(anonymous_8)
FN:278,(anonymous_9)
FN:286,(anonymous_10)
FNF:9
FNH:9
FNDA:23,(anonymous_2)
FNDA:12,(anonymous_3)
FNDA:3,(anonymous_4)
FNDA:4,(anonymous_5)
FNDA:2,(anonymous_6)
FNDA:6,(anonymous_7)
FNDA:4,(anonymous_8)
FNDA:4,(anonymous_9)
FNDA:1,(anonymous_10)
DA:1,3
DA:2,3
DA:3,3
DA:13,3
DA:14,3
DA:16,3
DA:20,3
DA:21,3
DA:24,3
DA:26,23
DA:27,23
DA:28,23
DA:29,23
DA:30,23
DA:39,12
DA:44,12
DA:45,12
DA:47,2
DA:52,12
DA:61,3
DA:73,3
DA:75,3
DA:77,2
DA:86,2
DA:90,2
DA:95,2
DA:97,1
DA:104,3
DA:113,4
DA:118,4
DA:119,4
DA:128,2
DA:133,4
DA:139,2
DA:144,2
DA:146,2
DA:147,1
DA:148,0
DA:152,1
DA:156,1
DA:157,1
DA:158,0
DA:161,1
DA:164,1
DA:172,1
DA:179,1
DA:181,1
DA:183,1
DA:188,1
DA:194,6
DA:199,6
DA:201,6
DA:204,6
DA:205,2
DA:209,4
DA:215,3
DA:216,1
DA:223,2
DA:232,2
DA:238,2
DA:240,4
DA:245,4
DA:258,4
DA:259,0
DA:261,4
DA:262,4
DA:267,4
DA:279,4
DA:280,4
DA:281,2
DA:283,2
DA:287,1
DA:288,1
DA:289,1
LF:74
LH:71
BRDA:147,0,0,0
BRDA:157,1,0,0
BRDA:157,1,1,1
BRDA:204,2,0,2
BRDA:215,3,0,1
BRDA:256,4,0,0
BRDA:258,5,0,0
BRDA:280,6,0,2
BRF:8
BRH:4
end_of_record
TN:
SF:src/auth/jwt.strategy.ts
FN:14,(anonymous_2)
FN:27,(anonymous_3)
FNF:2
FNH:2
FNDA:12,(anonymous_2)
FNDA:2,(anonymous_3)
DA:1,2
DA:2,2
DA:3,2
DA:4,2
DA:9,2
DA:14,12
DA:15,12
DA:28,2
DA:29,1
DA:30,0
DA:32,1
LF:11
LH:10
BRDA:29,0,0,0
BRF:1
BRH:0
end_of_record
TN:
SF:src/auth/guards/jwt-auth.guard.ts
FNF:0
FNH:0
DA:1,6
DA:2,6
DA:5,6
LF:3
LH:3
BRF:0
BRH:0
end_of_record
TN:
SF:src/forms/forms.controller.ts
FN:27,(anonymous_4)
FN:33,(anonymous_5)
FN:44,(anonymous_6)
FN:50,(anonymous_7)
FN:58,(anonymous_8)
FN:66,(anonymous_9)
FN:78,(anonymous_10)
FN:99,(anonymous_11)
FN:115,(anonymous_12)
FNF:9
FNH:9
FNDA:7,(anonymous_4)
FNDA:6,(anonymous_5)
FNDA:1,(anonymous_6)
FNDA:1,(anonymous_7)
FNDA:1,(anonymous_8)
FNDA:6,(anonymous_9)
FNDA:1,(anonymous_10)
FNDA:3,(anonymous_11)
FNDA:1,(anonymous_12)
DA:1,1
DA:14,1
DA:15,1
DA:16,1
DA:17,1
DA:18,1
DA:21,1
DA:22,1
DA:26,1
DA:27,7
DA:33,1
DA:34,6
DA:44,1
DA:45,1
DA:50,1
DA:51,1
DA:58,1
DA:59,1
DA:66,1
DA:67,6
DA:78,1
DA:83,1
DA:84,1
DA:88,0
DA:89,0
DA:91,1
DA:99,1
DA:104,3
DA:115,1
DA:120,1
LF:30
LH:28
BRF:0
BRH:0
end_of_record
TN:
SF:src/forms/forms.service.ts
FN:23,(anonymous_2)
FN:25,(anonymous_3)
FN:53,(anonymous_4)
FN:66,(anonymous_5)
FN:76,(anonymous_6)
FN:80,(anonymous_7)
FN:143,(anonymous_8)
FN:214,(anonymous_9)
FN:240,(anonymous_10)
FN:296,(anonymous_11)
FN:312,(anonymous_12)
FN:367,(anonymous_13)
FN:374,(anonymous_14)
FN:376,(anonymous_15)
FN:386,(anonymous_16)
FN:404,(anonymous_17)
FN:494,(anonymous_18)
FN:558,(anonymous_19)
FNF:18
FNH:17
FNDA:32,(anonymous_2)
FNDA:42,(anonymous_3)
FNDA:21,(anonymous_4)
FNDA:5,(anonymous_5)
FNDA:4,(anonymous_6)
FNDA:4,(anonymous_7)
FNDA:3,(anonymous_8)
FNDA:3,(anonymous_9)
FNDA:24,(anonymous_10)
FNDA:22,(anonymous_11)
FNDA:5,(anonymous_12)
FNDA:2,(anonymous_13)
FNDA:1,(anonymous_14)
FNDA:2,(anonymous_15)
FNDA:0,(anonymous_16)
FNDA:10,(anonymous_17)
FNDA:6,(anonymous_18)
FNDA:71,(anonymous_19)
DA:1,2
DA:3,2
DA:4,2
DA:5,2
DA:11,2
DA:12,2
DA:14,2
DA:18,2
DA:23,32
DA:26,42
DA:27,42
DA:28,1
DA:31,41
DA:40,41
DA:41,4
DA:44,37
DA:46,5
DA:54,21
DA:55,21
DA:56,21
DA:58,21
DA:59,21
DA:66,21
DA:67,5
DA:68,5
DA:70,5
DA:71,3
DA:74,5
DA:75,2
DA:77,4
DA:78,4
DA:80,4
DA:81,2
DA:86,3
DA:89,21
DA:95,21
DA:130,21
DA:140,21
DA:145,3
DA:146,1
DA:159,2
DA:215,3
DA:233,3
DA:234,1
DA:237,2
DA:241,24
DA:242,24
DA:243,1
DA:246,23
DA:248,22
DA:249,0
DA:256,22
DA:257,1
DA:263,21
DA:277,21
DA:287,21
DA:289,3
DA:300,22
DA:309,22
DA:313,5
DA:314,5
DA:315,2
DA:318,3
DA:327,3
DA:328,1
DA:332,2
DA:339,2
DA:340,1
DA:347,1
DA:353,1
DA:363,1
DA:364,1
DA:367,1
DA:368,2
DA:374,1
DA:375,1
DA:376,1
DA:377,2
DA:383,0
DA:384,2
DA:385,0
DA:386,0
DA:389,2
DA:392,1
DA:395,1
DA:397,4
DA:409,10
DA:411,10
DA:414,9
DA:418,9
DA:419,1
DA:423,8
DA:430,8
DA:432,4
DA:441,4
DA:454,4
DA:460,4
DA:468,4
DA:481,4
DA:487,2
DA:499,6
DA:501,6
DA:504,5
DA:508,5
DA:509,1
DA:513,4
DA:520,4
DA:521,1
DA:527,3
DA:533,3
DA:546,2
DA:551,4
DA:559,71
LF:113
LH:109
BRDA:27,0,0,1
BRDA:40,1,0,4
BRDA:48,2,0,5
BRDA:48,2,1,0
BRDA:70,3,0,3
BRDA:74,4,0,2
BRDA:145,5,0,1
BRDA:233,6,0,1
BRDA:242,7,0,1
BRDA:248,8,0,0
BRDA:256,9,0,1
BRDA:291,10,0,3
BRDA:291,10,1,0
BRDA:314,11,0,2
BRDA:327,12,0,1
BRDA:339,13,0,1
BRDA:377,14,0,0
BRDA:377,14,1,2
BRDA:378,15,0,2
BRDA:378,15,1,0
BRDA:383,16,0,0
BRDA:383,16,1,0
BRDA:384,17,0,0
BRDA:384,17,1,2
BRDA:399,18,0,4
BRDA:399,18,1,0
BRDA:418,19,0,1
BRDA:430,20,0,4
BRDA:430,20,1,4
BRDA:489,21,0,2
BRDA:489,21,1,0
BRDA:508,22,0,1
BRDA:520,23,0,1
BRDA:553,24,0,4
BRDA:553,24,1,1
BRDA:559,25,0,71
BRDA:559,25,1,67
BRF:37
BRH:27
end_of_record
TN:
SF:src/forms-submissions/forms-submissions.controller.ts
FN:9,(anonymous_4)
FN:14,(anonymous_5)
FNF:2
FNH:1
FNDA:1,(anonymous_4)
FNDA:0,(anonymous_5)
DA:1,1
DA:2,1
DA:3,1
DA:4,1
DA:8,1
DA:10,1
DA:14,1
DA:15,0
LF:8
LH:7
BRF:0
BRH:0
end_of_record
TN:
SF:src/forms-submissions/forms-submissions.service.ts
FN:13,(anonymous_2)
FN:15,(anonymous_3)
FN:35,(anonymous_4)
FNF:3
FNH:3
FNDA:27,(anonymous_2)
FNDA:1,(anonymous_3)
FNDA:2,(anonymous_4)
DA:1,3
DA:3,3
DA:4,3
DA:8,3
DA:13,27
DA:16,1
DA:19,1
DA:29,1
DA:30,0
DA:33,1
DA:35,1
DA:36,2
DA:37,2
DA:38,1
DA:40,2
DA:41,0
DA:43,2
DA:46,1
LF:18
LH:16
BRDA:29,0,0,0
BRDA:37,1,0,1
BRDA:37,2,0,2
BRDA:37,2,1,2
BRDA:40,3,0,0
BRDA:40,4,0,2
BRDA:40,4,1,2
BRF:7
BRH:5
end_of_record
TN:
SF:src/forms-submissions/dto/create-forms-submission.dto.ts
FNF:0
FNH:0
DA:2,1
DA:3,1
DA:5,1
DA:9,1
DA:13,1
LF:5
LH:5
BRF:0
BRH:0
end_of_record
TN:
SF:src/forms/dto/add-permission.dto.ts
FNF:0
FNH:0
DA:1,1
DA:3,1
DA:6,1
DA:10,1
LF:4
LH:4
BRF:0
BRH:0
end_of_record
TN:
SF:src/forms/dto/create-form-request.dto.ts
FNF:0
FNH:0
DA:1,1
DA:2,1
DA:5,1
DA:9,1
DA:14,1
DA:18,1
DA:22,1
LF:7
LH:7
BRF:0
BRH:0
end_of_record
TN:
SF:src/forms/dto/remove-permission.dto.ts
FNF:0
FNH:0
DA:1,1
DA:3,1
DA:6,1
LF:3
LH:3
BRF:0
BRH:0
end_of_record
TN:
SF:src/forms/enums/question-type-enum.ts
FN:1,(anonymous_0)
FNF:1
FNH:1
FNDA:2,(anonymous_0)
DA:1,2
DA:2,2
DA:3,2
DA:4,2
DA:5,2
DA:6,2
DA:7,2
DA:8,2
DA:9,2
DA:10,2
DA:13,2
LF:11
LH:11
BRDA:1,0,0,2
BRDA:1,0,1,2
BRF:2
BRH:2
end_of_record
TN:
SF:src/mailer/mailer.controller.ts
FN:7,(anonymous_4)
FN:10,(anonymous_5)
FN:15,(anonymous_6)
FNF:3
FNH:1
FNDA:23,(anonymous_4)
FNDA:0,(anonymous_5)
FNDA:0,(anonymous_6)
DA:1,3
DA:2,3
DA:6,3
DA:7,23
DA:10,3
DA:11,0
DA:15,3
DA:16,0
LF:8
LH:6
BRF:0
BRH:0
end_of_record
TN:
SF:src/mailer/mailer.module.ts
FNF:0
FNH:0
DA:1,3
DA:2,3
DA:3,3
DA:4,3
DA:11,3
LF:5
LH:5
BRF:0
BRH:0
end_of_record
TN:
SF:src/mailer/mailer.service.ts
FN:10,(anonymous_2)
FN:12,(anonymous_3)
FN:30,(anonymous_4)
FN:52,(anonymous_5)
FN:77,(anonymous_6)
FNF:5
FNH:3
FNDA:47,(anonymous_2)
FNDA:1,(anonymous_3)
FNDA:1,(anonymous_4)
FNDA:0,(anonymous_5)
FNDA:0,(anonymous_6)
DA:1,4
DA:2,4
DA:4,4
DA:9,4
DA:10,47
DA:13,1
DA:31,1
DA:33,1
DA:35,1
DA:44,1
DA:45,1
DA:46,1
DA:48,0
DA:53,0
DA:55,0
DA:69,0
DA:70,0
DA:71,0
DA:73,0
DA:78,0
DA:80,0
DA:89,0
DA:90,0
DA:91,0
DA:93,0
LF:25
LH:12
BRDA:36,0,0,1
BRDA:36,0,1,1
BRF:2
BRH:2
end_of_record
TN:
SF:src/users/users.controller.ts
FN:23,(anonymous_4)
FN:26,(anonymous_5)
FN:31,(anonymous_6)
FN:36,(anonymous_7)
FN:44,(anonymous_8)
FN:55,(anonymous_9)
FNF:6
FNH:6
FNDA:28,(anonymous_4)
FNDA:4,(anonymous_5)
FNDA:1,(anonymous_6)
FNDA:1,(anonymous_7)
FNDA:1,(anonymous_8)
FNDA:1,(anonymous_9)
DA:1,4
DA:14,4
DA:15,4
DA:16,4
DA:17,4
DA:18,4
DA:22,4
DA:23,28
DA:26,4
DA:27,4
DA:31,4
DA:32,1
DA:36,4
DA:37,1
DA:44,4
DA:45,1
DA:55,4
DA:60,1
DA:61,1
LF:19
LH:19
BRF:0
BRH:0
end_of_record
TN:
SF:src/users/users.module.ts
FNF:0
FNH:0
DA:1,3
DA:2,3
DA:3,3
DA:4,3
DA:10,3
LF:5
LH:5
BRF:0
BRH:0
end_of_record
TN:
SF:src/users/users.service.ts
FN:23,(anonymous_2)
FN:30,(anonymous_3)
FN:67,(anonymous_4)
FN:76,(anonymous_5)
FN:98,(anonymous_6)
FN:159,(anonymous_7)
FN:180,(anonymous_8)
FN:193,(anonymous_9)
FN:203,(anonymous_10)
FNF:9
FNH:9
FNDA:114,(anonymous_2)
FNDA:62,(anonymous_3)
FNDA:2,(anonymous_4)
FNDA:3,(anonymous_5)
FNDA:60,(anonymous_6)
FNDA:6,(anonymous_7)
FNDA:34,(anonymous_8)
FNDA:9,(anonymous_9)
FNDA:4,(anonymous_10)
DA:1,7
DA:8,7
DA:9,7
DA:18,7
DA:23,114
DA:32,62
DA:36,62
DA:37,3
DA:39,59
DA:48,59
DA:50,59
DA:60,59
DA:68,2
DA:77,3
DA:83,3
DA:84,1
DA:88,2
DA:89,2
DA:99,60
DA:105,60
DA:106,1
DA:110,59
DA:119,59
DA:120,1
DA:126,58
DA:140,58
DA:150,58
DA:160,6
DA:164,6
DA:165,2
DA:169,4
DA:171,4
DA:172,1
DA:176,3
DA:177,3
DA:181,34
DA:194,9
DA:207,4
DA:210,4
DA:211,1
DA:214,3
DA:215,3
DA:216,1
DA:218,2
LF:44
LH:44
BRDA:36,0,0,3
BRDA:83,1,0,1
BRDA:105,2,0,1
BRDA:119,3,0,1
BRDA:119,4,0,59
BRDA:119,4,1,2
BRDA:119,4,2,0
BRDA:164,5,0,2
BRDA:171,6,0,1
BRDA:210,7,0,1
BRDA:215,8,0,1
BRF:11
BRH:10
end_of_record
TN:
SF:src/users/dto/create-user.dto.ts
FNF:0
FNH:0
DA:1,4
DA:8,4
DA:10,4
DA:14,4
DA:18,4
DA:23,4
DA:28,4
LF:7
LH:7
BRF:0
BRH:0
end_of_record
TN:
SF:src/users/dto/login-user.dto.ts
FNF:0
FNH:0
DA:1,1
DA:2,1
DA:3,1
DA:5,1
DA:9,1
DA:14,1
LF:6
LH:6
BRF:0
BRH:0
end_of_record
TN:
SF:src/users/dto/send-new-password.dto.ts
FNF:0
FNH:0
DA:1,1
DA:2,1
DA:4,1
DA:8,1
LF:4
LH:4
BRF:0
BRH:0
end_of_record
TN:
SF:src/users/dto/set-new-password.dto.ts
FNF:0
FNH:0
DA:1,1
DA:2,1
DA:4,1
DA:8,1
DA:14,1
DA:19,1
LF:6
LH:6
BRF:0
BRH:0
end_of_record
TN:
SF:src/users/dto/update-password-user.dto.ts
FNF:0
FNH:0
DA:1,4
DA:2,4
DA:4,4
DA:8,4
DA:13,4
LF:5
LH:5
BRF:0
BRH:0
end_of_record
